Release 13.4 - xst O.87xd (nt)
Copyright (c) 1995-2011 Xilinx, Inc.  All rights reserved.
--> Parameter TMPDIR set to xst/projnav.tmp


Total REAL time to Xst completion: 0.00 secs
Total CPU time to Xst completion: 0.14 secs
 
--> Parameter xsthdpdir set to xst


Total REAL time to Xst completion: 0.00 secs
Total CPU time to Xst completion: 0.14 secs
 
--> Reading design: REG_Exp.prj

TABLE OF CONTENTS
  1) Synthesis Options Summary
  2) HDL Parsing
  3) HDL Elaboration
  4) HDL Synthesis
       4.1) HDL Synthesis Report
  5) Advanced HDL Synthesis
       5.1) Advanced HDL Synthesis Report
  6) Low Level Synthesis
  7) Partition Report
  8) Design Summary
       8.1) Primitive and Black Box Usage
       8.2) Device utilization summary
       8.3) Partition Resource Summary
       8.4) Timing Report
            8.4.1) Clock Information
            8.4.2) Asynchronous Control Signals Information
            8.4.3) Timing Summary
            8.4.4) Timing Details
            8.4.5) Cross Clock Domains Report


=========================================================================
*                      Synthesis Options Summary                        *
=========================================================================
---- Source Parameters
Input File Name                    : "REG_Exp.prj"
Ignore Synthesis Constraint File   : NO

---- Target Parameters
Output File Name                   : "REG_Exp"
Output Format                      : NGC
Target Device                      : xc6slx16-3-csg324

---- Source Options
Top Module Name                    : REG_Exp
Automatic FSM Extraction           : YES
FSM Encoding Algorithm             : Auto
Safe Implementation                : No
FSM Style                          : LUT
RAM Extraction                     : Yes
RAM Style                          : Auto
ROM Extraction                     : Yes
Shift Register Extraction          : YES
ROM Style                          : Auto
Resource Sharing                   : YES
Asynchronous To Synchronous        : NO
Shift Register Minimum Size        : 2
Use DSP Block                      : Auto
Automatic Register Balancing       : No

---- Target Options
LUT Combining                      : Auto
Reduce Control Sets                : Auto
Add IO Buffers                     : YES
Global Maximum Fanout              : 100000
Add Generic Clock Buffer(BUFG)     : 16
Register Duplication               : YES
Optimize Instantiated Primitives   : NO
Use Clock Enable                   : Auto
Use Synchronous Set                : Auto
Use Synchronous Reset              : Auto
Pack IO Registers into IOBs        : Auto
Equivalent register Removal        : YES

---- General Options
Optimization Goal                  : Speed
Optimization Effort                : 1
Power Reduction                    : NO
Keep Hierarchy                     : No
Netlist Hierarchy                  : As_Optimized
RTL Output                         : Yes
Global Optimization                : AllClockNets
Read Cores                         : YES
Write Timing Constraints           : NO
Cross Clock Analysis               : NO
Hierarchy Separator                : /
Bus Delimiter                      : <>
Case Specifier                     : Maintain
Slice Utilization Ratio            : 100
BRAM Utilization Ratio             : 100
DSP48 Utilization Ratio            : 100
Auto BRAM Packing                  : NO
Slice Utilization Ratio Delta      : 5

=========================================================================

INFO:Xst - Part-select index evaluated to out of bound value may lead to incorrect synthesis results; it is recommended not to use them in RTL

=========================================================================
*                          HDL Parsing                                  *
=========================================================================
Analyzing Verilog file "D:\FPGAJX\ZC_EXP\EXP4_REG\REG.v" into library work
Parsing module <REG>.
Analyzing Verilog file "D:\FPGAJX\ZC_EXP\EXP4_REG\REG_Exp.v" into library work
Parsing module <REG_Exp>.

=========================================================================
*                            HDL Elaboration                            *
=========================================================================

Elaborating module <REG_Exp>.

Elaborating module <REG>.

=========================================================================
*                           HDL Synthesis                               *
=========================================================================

Synthesizing Unit <REG_Exp>.
    Related source file is "d:/fpgajx/zc_exp/exp4_reg/reg_exp.v".
    Found 8-bit 4-to-1 multiplexer for signal <LED> created at line 54.
    Summary:
	inferred   3 Multiplexer(s).
Unit <REG_Exp> synthesized.

Synthesizing Unit <REG>.
    Related source file is "d:/fpgajx/zc_exp/exp4_reg/reg.v".
    Found 1024-bit register for signal <n0043[1023:0]>.
    Found 32-bit 32-to-1 multiplexer for signal <R_Data_A> created at line 36.
    Found 32-bit 32-to-1 multiplexer for signal <R_Data_B> created at line 37.
    Summary:
	inferred 1024 D-type flip-flop(s).
	inferred  34 Multiplexer(s).
Unit <REG> synthesized.

=========================================================================
HDL Synthesis Report

Macro Statistics
# Registers                                            : 1
 1024-bit register                                     : 1
# Multiplexers                                         : 37
 32-bit 2-to-1 multiplexer                             : 34
 32-bit 32-to-1 multiplexer                            : 2
 8-bit 4-to-1 multiplexer                              : 1

=========================================================================

=========================================================================
*                       Advanced HDL Synthesis                          *
=========================================================================


=========================================================================
Advanced HDL Synthesis Report

Macro Statistics
# Registers                                            : 1024
 Flip-Flops                                            : 1024
# Multiplexers                                         : 37
 32-bit 2-to-1 multiplexer                             : 34
 32-bit 32-to-1 multiplexer                            : 2
 8-bit 4-to-1 multiplexer                              : 1

=========================================================================

=========================================================================
*                         Low Level Synthesis                           *
=========================================================================

Optimizing unit <REG_Exp> ...

Optimizing unit <REG> ...
INFO:Xst:2261 - The FF/Latch <Register/REG_Files_31_799> in Unit <REG_Exp> is equivalent to the following 2 FFs/Latches, which will be removed : <Register/REG_Files_31_791> <Register/REG_Files_31_784> 
INFO:Xst:2261 - The FF/Latch <Register/REG_Files_31_904> in Unit <REG_Exp> is equivalent to the following FF/Latch, which will be removed : <Register/REG_Files_31_898> 
INFO:Xst:2261 - The FF/Latch <Register/REG_Files_31_860> in Unit <REG_Exp> is equivalent to the following FF/Latch, which will be removed : <Register/REG_Files_31_857> 
INFO:Xst:2261 - The FF/Latch <Register/REG_Files_31_910> in Unit <REG_Exp> is equivalent to the following 2 FFs/Latches, which will be removed : <Register/REG_Files_31_906> <Register/REG_Files_31_902> 
INFO:Xst:2261 - The FF/Latch <Register/REG_Files_31_856> in Unit <REG_Exp> is equivalent to the following 5 FFs/Latches, which will be removed : <Register/REG_Files_31_849> <Register/REG_Files_31_847> <Register/REG_Files_31_843> <Register/REG_Files_31_839> <Register/REG_Files_31_832> 
INFO:Xst:2261 - The FF/Latch <Register/REG_Files_31_862> in Unit <REG_Exp> is equivalent to the following 2 FFs/Latches, which will be removed : <Register/REG_Files_31_854> <Register/REG_Files_31_845> 
INFO:Xst:2261 - The FF/Latch <Register/REG_Files_31_863> in Unit <REG_Exp> is equivalent to the following 2 FFs/Latches, which will be removed : <Register/REG_Files_31_855> <Register/REG_Files_31_848> 
INFO:Xst:2261 - The FF/Latch <Register/REG_Files_31_914> in Unit <REG_Exp> is equivalent to the following 2 FFs/Latches, which will be removed : <Register/REG_Files_31_905> <Register/REG_Files_31_900> 
INFO:Xst:2261 - The FF/Latch <Register/REG_Files_31_920> in Unit <REG_Exp> is equivalent to the following 5 FFs/Latches, which will be removed : <Register/REG_Files_31_913> <Register/REG_Files_31_911> <Register/REG_Files_31_907> <Register/REG_Files_31_903> <Register/REG_Files_31_896> 
INFO:Xst:2261 - The FF/Latch <Register/REG_Files_31_872> in Unit <REG_Exp> is equivalent to the following FF/Latch, which will be removed : <Register/REG_Files_31_866> 
INFO:Xst:2261 - The FF/Latch <Register/REG_Files_31_917> in Unit <REG_Exp> is equivalent to the following FF/Latch, which will be removed : <Register/REG_Files_31_899> 
INFO:Xst:2261 - The FF/Latch <Register/REG_Files_31_924> in Unit <REG_Exp> is equivalent to the following FF/Latch, which will be removed : <Register/REG_Files_31_921> 
INFO:Xst:2261 - The FF/Latch <Register/REG_Files_31_926> in Unit <REG_Exp> is equivalent to the following 2 FFs/Latches, which will be removed : <Register/REG_Files_31_918> <Register/REG_Files_31_909> 
INFO:Xst:2261 - The FF/Latch <Register/REG_Files_31_882> in Unit <REG_Exp> is equivalent to the following 2 FFs/Latches, which will be removed : <Register/REG_Files_31_873> <Register/REG_Files_31_868> 
INFO:Xst:2261 - The FF/Latch <Register/REG_Files_31_927> in Unit <REG_Exp> is equivalent to the following 2 FFs/Latches, which will be removed : <Register/REG_Files_31_919> <Register/REG_Files_31_912> 
INFO:Xst:2261 - The FF/Latch <Register/REG_Files_31_878> in Unit <REG_Exp> is equivalent to the following 2 FFs/Latches, which will be removed : <Register/REG_Files_31_874> <Register/REG_Files_31_870> 
INFO:Xst:2261 - The FF/Latch <Register/REG_Files_31_885> in Unit <REG_Exp> is equivalent to the following FF/Latch, which will be removed : <Register/REG_Files_31_867> 
INFO:Xst:2261 - The FF/Latch <Register/REG_Files_31_936> in Unit <REG_Exp> is equivalent to the following FF/Latch, which will be removed : <Register/REG_Files_31_930> 
INFO:Xst:2261 - The FF/Latch <Register/REG_Files_31_892> in Unit <REG_Exp> is equivalent to the following FF/Latch, which will be removed : <Register/REG_Files_31_889> 
INFO:Xst:2261 - The FF/Latch <Register/REG_Files_31_942> in Unit <REG_Exp> is equivalent to the following 2 FFs/Latches, which will be removed : <Register/REG_Files_31_938> <Register/REG_Files_31_934> 
INFO:Xst:2261 - The FF/Latch <Register/REG_Files_31_888> in Unit <REG_Exp> is equivalent to the following 5 FFs/Latches, which will be removed : <Register/REG_Files_31_881> <Register/REG_Files_31_879> <Register/REG_Files_31_875> <Register/REG_Files_31_871> <Register/REG_Files_31_864> 
INFO:Xst:2261 - The FF/Latch <Register/REG_Files_31_894> in Unit <REG_Exp> is equivalent to the following 2 FFs/Latches, which will be removed : <Register/REG_Files_31_886> <Register/REG_Files_31_877> 
INFO:Xst:2261 - The FF/Latch <Register/REG_Files_31_895> in Unit <REG_Exp> is equivalent to the following 2 FFs/Latches, which will be removed : <Register/REG_Files_31_887> <Register/REG_Files_31_880> 
INFO:Xst:2261 - The FF/Latch <Register/REG_Files_31_946> in Unit <REG_Exp> is equivalent to the following 2 FFs/Latches, which will be removed : <Register/REG_Files_31_937> <Register/REG_Files_31_932> 
INFO:Xst:2261 - The FF/Latch <Register/REG_Files_31_952> in Unit <REG_Exp> is equivalent to the following 5 FFs/Latches, which will be removed : <Register/REG_Files_31_945> <Register/REG_Files_31_943> <Register/REG_Files_31_939> <Register/REG_Files_31_935> <Register/REG_Files_31_928> 
INFO:Xst:2261 - The FF/Latch <Register/REG_Files_31_949> in Unit <REG_Exp> is equivalent to the following FF/Latch, which will be removed : <Register/REG_Files_31_931> 
INFO:Xst:2261 - The FF/Latch <Register/REG_Files_31_956> in Unit <REG_Exp> is equivalent to the following FF/Latch, which will be removed : <Register/REG_Files_31_953> 
INFO:Xst:2261 - The FF/Latch <Register/REG_Files_31_958> in Unit <REG_Exp> is equivalent to the following 2 FFs/Latches, which will be removed : <Register/REG_Files_31_950> <Register/REG_Files_31_941> 
INFO:Xst:2261 - The FF/Latch <Register/REG_Files_31_959> in Unit <REG_Exp> is equivalent to the following 2 FFs/Latches, which will be removed : <Register/REG_Files_31_951> <Register/REG_Files_31_944> 
INFO:Xst:2261 - The FF/Latch <Register/REG_Files_31_968> in Unit <REG_Exp> is equivalent to the following FF/Latch, which will be removed : <Register/REG_Files_31_962> 
INFO:Xst:2261 - The FF/Latch <Register/REG_Files_31_8> in Unit <REG_Exp> is equivalent to the following FF/Latch, which will be removed : <Register/REG_Files_31_2> 
INFO:Xst:2261 - The FF/Latch <Register/REG_Files_31_974> in Unit <REG_Exp> is equivalent to the following 2 FFs/Latches, which will be removed : <Register/REG_Files_31_970> <Register/REG_Files_31_966> 
INFO:Xst:2261 - The FF/Latch <Register/REG_Files_31_981> in Unit <REG_Exp> is equivalent to the following FF/Latch, which will be removed : <Register/REG_Files_31_963> 
INFO:Xst:2261 - The FF/Latch <Register/REG_Files_31_978> in Unit <REG_Exp> is equivalent to the following 2 FFs/Latches, which will be removed : <Register/REG_Files_31_969> <Register/REG_Files_31_964> 
INFO:Xst:2261 - The FF/Latch <Register/REG_Files_31_984> in Unit <REG_Exp> is equivalent to the following 5 FFs/Latches, which will be removed : <Register/REG_Files_31_977> <Register/REG_Files_31_975> <Register/REG_Files_31_971> <Register/REG_Files_31_967> <Register/REG_Files_31_960> 
INFO:Xst:2261 - The FF/Latch <Register/REG_Files_31_990> in Unit <REG_Exp> is equivalent to the following 2 FFs/Latches, which will be removed : <Register/REG_Files_31_982> <Register/REG_Files_31_973> 
INFO:Xst:2261 - The FF/Latch <Register/REG_Files_31_991> in Unit <REG_Exp> is equivalent to the following 2 FFs/Latches, which will be removed : <Register/REG_Files_31_983> <Register/REG_Files_31_976> 
INFO:Xst:2261 - The FF/Latch <Register/REG_Files_31_988> in Unit <REG_Exp> is equivalent to the following FF/Latch, which will be removed : <Register/REG_Files_31_985> 
INFO:Xst:2261 - The FF/Latch <Register/REG_Files_31_14> in Unit <REG_Exp> is equivalent to the following 2 FFs/Latches, which will be removed : <Register/REG_Files_31_10> <Register/REG_Files_31_6> 
INFO:Xst:2261 - The FF/Latch <Register/REG_Files_31_104> in Unit <REG_Exp> is equivalent to the following FF/Latch, which will be removed : <Register/REG_Files_31_98> 
INFO:Xst:2261 - The FF/Latch <Register/REG_Files_31_21> in Unit <REG_Exp> is equivalent to the following FF/Latch, which will be removed : <Register/REG_Files_31_3> 
INFO:Xst:2261 - The FF/Latch <Register/REG_Files_31_110> in Unit <REG_Exp> is equivalent to the following 2 FFs/Latches, which will be removed : <Register/REG_Files_31_106> <Register/REG_Files_31_102> 
INFO:Xst:2261 - The FF/Latch <Register/REG_Files_31_18> in Unit <REG_Exp> is equivalent to the following 2 FFs/Latches, which will be removed : <Register/REG_Files_31_9> <Register/REG_Files_31_4> 
INFO:Xst:2261 - The FF/Latch <Register/REG_Files_31_24> in Unit <REG_Exp> is equivalent to the following 5 FFs/Latches, which will be removed : <Register/REG_Files_31_17> <Register/REG_Files_31_15> <Register/REG_Files_31_11> <Register/REG_Files_31_7> <Register/REG_Files_31_0> 
INFO:Xst:2261 - The FF/Latch <Register/REG_Files_31_30> in Unit <REG_Exp> is equivalent to the following 2 FFs/Latches, which will be removed : <Register/REG_Files_31_22> <Register/REG_Files_31_13> 
INFO:Xst:2261 - The FF/Latch <Register/REG_Files_31_114> in Unit <REG_Exp> is equivalent to the following 2 FFs/Latches, which will be removed : <Register/REG_Files_31_105> <Register/REG_Files_31_100> 
INFO:Xst:2261 - The FF/Latch <Register/REG_Files_31_31> in Unit <REG_Exp> is equivalent to the following 2 FFs/Latches, which will be removed : <Register/REG_Files_31_23> <Register/REG_Files_31_16> 
INFO:Xst:2261 - The FF/Latch <Register/REG_Files_31_1000> in Unit <REG_Exp> is equivalent to the following FF/Latch, which will be removed : <Register/REG_Files_31_994> 
INFO:Xst:2261 - The FF/Latch <Register/REG_Files_31_120> in Unit <REG_Exp> is equivalent to the following 5 FFs/Latches, which will be removed : <Register/REG_Files_31_113> <Register/REG_Files_31_111> <Register/REG_Files_31_107> <Register/REG_Files_31_103> <Register/REG_Files_31_96> 
INFO:Xst:2261 - The FF/Latch <Register/REG_Files_31_28> in Unit <REG_Exp> is equivalent to the following FF/Latch, which will be removed : <Register/REG_Files_31_25> 
INFO:Xst:2261 - The FF/Latch <Register/REG_Files_31_117> in Unit <REG_Exp> is equivalent to the following FF/Latch, which will be removed : <Register/REG_Files_31_99> 
INFO:Xst:2261 - The FF/Latch <Register/REG_Files_31_40> in Unit <REG_Exp> is equivalent to the following FF/Latch, which will be removed : <Register/REG_Files_31_34> 
INFO:Xst:2261 - The FF/Latch <Register/REG_Files_31_124> in Unit <REG_Exp> is equivalent to the following FF/Latch, which will be removed : <Register/REG_Files_31_121> 
INFO:Xst:2261 - The FF/Latch <Register/REG_Files_31_1010> in Unit <REG_Exp> is equivalent to the following 2 FFs/Latches, which will be removed : <Register/REG_Files_31_1001> <Register/REG_Files_31_996> 
INFO:Xst:2261 - The FF/Latch <Register/REG_Files_31_1006> in Unit <REG_Exp> is equivalent to the following 2 FFs/Latches, which will be removed : <Register/REG_Files_31_1002> <Register/REG_Files_31_998> 
INFO:Xst:2261 - The FF/Latch <Register/REG_Files_31_126> in Unit <REG_Exp> is equivalent to the following 2 FFs/Latches, which will be removed : <Register/REG_Files_31_118> <Register/REG_Files_31_109> 
INFO:Xst:2261 - The FF/Latch <Register/REG_Files_31_127> in Unit <REG_Exp> is equivalent to the following 2 FFs/Latches, which will be removed : <Register/REG_Files_31_119> <Register/REG_Files_31_112> 
INFO:Xst:2261 - The FF/Latch <Register/REG_Files_31_1013> in Unit <REG_Exp> is equivalent to the following FF/Latch, which will be removed : <Register/REG_Files_31_995> 
INFO:Xst:2261 - The FF/Latch <Register/REG_Files_31_50> in Unit <REG_Exp> is equivalent to the following 2 FFs/Latches, which will be removed : <Register/REG_Files_31_41> <Register/REG_Files_31_36> 
INFO:Xst:2261 - The FF/Latch <Register/REG_Files_31_46> in Unit <REG_Exp> is equivalent to the following 2 FFs/Latches, which will be removed : <Register/REG_Files_31_42> <Register/REG_Files_31_38> 
INFO:Xst:2261 - The FF/Latch <Register/REG_Files_31_1020> in Unit <REG_Exp> is equivalent to the following FF/Latch, which will be removed : <Register/REG_Files_31_1017> 
INFO:Xst:2261 - The FF/Latch <Register/REG_Files_31_1016> in Unit <REG_Exp> is equivalent to the following 5 FFs/Latches, which will be removed : <Register/REG_Files_31_1009> <Register/REG_Files_31_1007> <Register/REG_Files_31_1003> <Register/REG_Files_31_999> <Register/REG_Files_31_992> 
INFO:Xst:2261 - The FF/Latch <Register/REG_Files_31_53> in Unit <REG_Exp> is equivalent to the following FF/Latch, which will be removed : <Register/REG_Files_31_35> 
INFO:Xst:2261 - The FF/Latch <Register/REG_Files_31_136> in Unit <REG_Exp> is equivalent to the following FF/Latch, which will be removed : <Register/REG_Files_31_130> 
INFO:Xst:2261 - The FF/Latch <Register/REG_Files_31_1022> in Unit <REG_Exp> is equivalent to the following 2 FFs/Latches, which will be removed : <Register/REG_Files_31_1014> <Register/REG_Files_31_1005> 
INFO:Xst:2261 - The FF/Latch <Register/REG_Files_31_142> in Unit <REG_Exp> is equivalent to the following 2 FFs/Latches, which will be removed : <Register/REG_Files_31_138> <Register/REG_Files_31_134> 
INFO:Xst:2261 - The FF/Latch <Register/REG_Files_31_1023> in Unit <REG_Exp> is equivalent to the following 2 FFs/Latches, which will be removed : <Register/REG_Files_31_1015> <Register/REG_Files_31_1008> 
INFO:Xst:2261 - The FF/Latch <Register/REG_Files_31_60> in Unit <REG_Exp> is equivalent to the following FF/Latch, which will be removed : <Register/REG_Files_31_57> 
INFO:Xst:2261 - The FF/Latch <Register/REG_Files_31_56> in Unit <REG_Exp> is equivalent to the following 5 FFs/Latches, which will be removed : <Register/REG_Files_31_49> <Register/REG_Files_31_47> <Register/REG_Files_31_43> <Register/REG_Files_31_39> <Register/REG_Files_31_32> 
INFO:Xst:2261 - The FF/Latch <Register/REG_Files_31_200> in Unit <REG_Exp> is equivalent to the following FF/Latch, which will be removed : <Register/REG_Files_31_194> 
INFO:Xst:2261 - The FF/Latch <Register/REG_Files_31_62> in Unit <REG_Exp> is equivalent to the following 2 FFs/Latches, which will be removed : <Register/REG_Files_31_54> <Register/REG_Files_31_45> 
INFO:Xst:2261 - The FF/Latch <Register/REG_Files_31_146> in Unit <REG_Exp> is equivalent to the following 2 FFs/Latches, which will be removed : <Register/REG_Files_31_137> <Register/REG_Files_31_132> 
INFO:Xst:2261 - The FF/Latch <Register/REG_Files_31_63> in Unit <REG_Exp> is equivalent to the following 2 FFs/Latches, which will be removed : <Register/REG_Files_31_55> <Register/REG_Files_31_48> 
INFO:Xst:2261 - The FF/Latch <Register/REG_Files_31_152> in Unit <REG_Exp> is equivalent to the following 5 FFs/Latches, which will be removed : <Register/REG_Files_31_145> <Register/REG_Files_31_143> <Register/REG_Files_31_139> <Register/REG_Files_31_135> <Register/REG_Files_31_128> 
INFO:Xst:2261 - The FF/Latch <Register/REG_Files_31_149> in Unit <REG_Exp> is equivalent to the following FF/Latch, which will be removed : <Register/REG_Files_31_131> 
INFO:Xst:2261 - The FF/Latch <Register/REG_Files_31_210> in Unit <REG_Exp> is equivalent to the following 2 FFs/Latches, which will be removed : <Register/REG_Files_31_201> <Register/REG_Files_31_196> 
INFO:Xst:2261 - The FF/Latch <Register/REG_Files_31_72> in Unit <REG_Exp> is equivalent to the following FF/Latch, which will be removed : <Register/REG_Files_31_66> 
INFO:Xst:2261 - The FF/Latch <Register/REG_Files_31_206> in Unit <REG_Exp> is equivalent to the following 2 FFs/Latches, which will be removed : <Register/REG_Files_31_202> <Register/REG_Files_31_198> 
INFO:Xst:2261 - The FF/Latch <Register/REG_Files_31_156> in Unit <REG_Exp> is equivalent to the following FF/Latch, which will be removed : <Register/REG_Files_31_153> 
INFO:Xst:2261 - The FF/Latch <Register/REG_Files_31_213> in Unit <REG_Exp> is equivalent to the following FF/Latch, which will be removed : <Register/REG_Files_31_195> 
INFO:Xst:2261 - The FF/Latch <Register/REG_Files_31_158> in Unit <REG_Exp> is equivalent to the following 2 FFs/Latches, which will be removed : <Register/REG_Files_31_150> <Register/REG_Files_31_141> 
INFO:Xst:2261 - The FF/Latch <Register/REG_Files_31_159> in Unit <REG_Exp> is equivalent to the following 2 FFs/Latches, which will be removed : <Register/REG_Files_31_151> <Register/REG_Files_31_144> 
INFO:Xst:2261 - The FF/Latch <Register/REG_Files_31_220> in Unit <REG_Exp> is equivalent to the following FF/Latch, which will be removed : <Register/REG_Files_31_217> 
INFO:Xst:2261 - The FF/Latch <Register/REG_Files_31_82> in Unit <REG_Exp> is equivalent to the following 2 FFs/Latches, which will be removed : <Register/REG_Files_31_73> <Register/REG_Files_31_68> 
INFO:Xst:2261 - The FF/Latch <Register/REG_Files_31_216> in Unit <REG_Exp> is equivalent to the following 5 FFs/Latches, which will be removed : <Register/REG_Files_31_209> <Register/REG_Files_31_207> <Register/REG_Files_31_203> <Register/REG_Files_31_199> <Register/REG_Files_31_192> 
INFO:Xst:2261 - The FF/Latch <Register/REG_Files_31_78> in Unit <REG_Exp> is equivalent to the following 2 FFs/Latches, which will be removed : <Register/REG_Files_31_74> <Register/REG_Files_31_70> 
INFO:Xst:2261 - The FF/Latch <Register/REG_Files_31_222> in Unit <REG_Exp> is equivalent to the following 2 FFs/Latches, which will be removed : <Register/REG_Files_31_214> <Register/REG_Files_31_205> 
INFO:Xst:2261 - The FF/Latch <Register/REG_Files_31_223> in Unit <REG_Exp> is equivalent to the following 2 FFs/Latches, which will be removed : <Register/REG_Files_31_215> <Register/REG_Files_31_208> 
INFO:Xst:2261 - The FF/Latch <Register/REG_Files_31_85> in Unit <REG_Exp> is equivalent to the following FF/Latch, which will be removed : <Register/REG_Files_31_67> 
INFO:Xst:2261 - The FF/Latch <Register/REG_Files_31_168> in Unit <REG_Exp> is equivalent to the following FF/Latch, which will be removed : <Register/REG_Files_31_162> 
INFO:Xst:2261 - The FF/Latch <Register/REG_Files_31_174> in Unit <REG_Exp> is equivalent to the following 2 FFs/Latches, which will be removed : <Register/REG_Files_31_170> <Register/REG_Files_31_166> 
INFO:Xst:2261 - The FF/Latch <Register/REG_Files_31_92> in Unit <REG_Exp> is equivalent to the following FF/Latch, which will be removed : <Register/REG_Files_31_89> 
INFO:Xst:2261 - The FF/Latch <Register/REG_Files_31_181> in Unit <REG_Exp> is equivalent to the following FF/Latch, which will be removed : <Register/REG_Files_31_163> 
INFO:Xst:2261 - The FF/Latch <Register/REG_Files_31_88> in Unit <REG_Exp> is equivalent to the following 5 FFs/Latches, which will be removed : <Register/REG_Files_31_81> <Register/REG_Files_31_79> <Register/REG_Files_31_75> <Register/REG_Files_31_71> <Register/REG_Files_31_64> 
INFO:Xst:2261 - The FF/Latch <Register/REG_Files_31_232> in Unit <REG_Exp> is equivalent to the following FF/Latch, which will be removed : <Register/REG_Files_31_226> 
INFO:Xst:2261 - The FF/Latch <Register/REG_Files_31_94> in Unit <REG_Exp> is equivalent to the following 2 FFs/Latches, which will be removed : <Register/REG_Files_31_86> <Register/REG_Files_31_77> 
INFO:Xst:2261 - The FF/Latch <Register/REG_Files_31_178> in Unit <REG_Exp> is equivalent to the following 2 FFs/Latches, which will be removed : <Register/REG_Files_31_169> <Register/REG_Files_31_164> 
INFO:Xst:2261 - The FF/Latch <Register/REG_Files_31_95> in Unit <REG_Exp> is equivalent to the following 2 FFs/Latches, which will be removed : <Register/REG_Files_31_87> <Register/REG_Files_31_80> 
INFO:Xst:2261 - The FF/Latch <Register/REG_Files_31_184> in Unit <REG_Exp> is equivalent to the following 5 FFs/Latches, which will be removed : <Register/REG_Files_31_177> <Register/REG_Files_31_175> <Register/REG_Files_31_171> <Register/REG_Files_31_167> <Register/REG_Files_31_160> 
INFO:Xst:2261 - The FF/Latch <Register/REG_Files_31_190> in Unit <REG_Exp> is equivalent to the following 2 FFs/Latches, which will be removed : <Register/REG_Files_31_182> <Register/REG_Files_31_173> 
INFO:Xst:2261 - The FF/Latch <Register/REG_Files_31_191> in Unit <REG_Exp> is equivalent to the following 2 FFs/Latches, which will be removed : <Register/REG_Files_31_183> <Register/REG_Files_31_176> 
INFO:Xst:2261 - The FF/Latch <Register/REG_Files_31_242> in Unit <REG_Exp> is equivalent to the following 2 FFs/Latches, which will be removed : <Register/REG_Files_31_233> <Register/REG_Files_31_228> 
INFO:Xst:2261 - The FF/Latch <Register/REG_Files_31_238> in Unit <REG_Exp> is equivalent to the following 2 FFs/Latches, which will be removed : <Register/REG_Files_31_234> <Register/REG_Files_31_230> 
INFO:Xst:2261 - The FF/Latch <Register/REG_Files_31_188> in Unit <REG_Exp> is equivalent to the following FF/Latch, which will be removed : <Register/REG_Files_31_185> 
INFO:Xst:2261 - The FF/Latch <Register/REG_Files_31_245> in Unit <REG_Exp> is equivalent to the following FF/Latch, which will be removed : <Register/REG_Files_31_227> 
INFO:Xst:2261 - The FF/Latch <Register/REG_Files_31_302> in Unit <REG_Exp> is equivalent to the following 2 FFs/Latches, which will be removed : <Register/REG_Files_31_298> <Register/REG_Files_31_294> 
INFO:Xst:2261 - The FF/Latch <Register/REG_Files_31_252> in Unit <REG_Exp> is equivalent to the following FF/Latch, which will be removed : <Register/REG_Files_31_249> 
INFO:Xst:2261 - The FF/Latch <Register/REG_Files_31_248> in Unit <REG_Exp> is equivalent to the following 5 FFs/Latches, which will be removed : <Register/REG_Files_31_241> <Register/REG_Files_31_239> <Register/REG_Files_31_235> <Register/REG_Files_31_231> <Register/REG_Files_31_224> 
INFO:Xst:2261 - The FF/Latch <Register/REG_Files_31_254> in Unit <REG_Exp> is equivalent to the following 2 FFs/Latches, which will be removed : <Register/REG_Files_31_246> <Register/REG_Files_31_237> 
INFO:Xst:2261 - The FF/Latch <Register/REG_Files_31_255> in Unit <REG_Exp> is equivalent to the following 2 FFs/Latches, which will be removed : <Register/REG_Files_31_247> <Register/REG_Files_31_240> 
INFO:Xst:2261 - The FF/Latch <Register/REG_Files_31_306> in Unit <REG_Exp> is equivalent to the following 2 FFs/Latches, which will be removed : <Register/REG_Files_31_297> <Register/REG_Files_31_292> 
INFO:Xst:2261 - The FF/Latch <Register/REG_Files_31_312> in Unit <REG_Exp> is equivalent to the following 5 FFs/Latches, which will be removed : <Register/REG_Files_31_305> <Register/REG_Files_31_303> <Register/REG_Files_31_299> <Register/REG_Files_31_295> <Register/REG_Files_31_288> 
INFO:Xst:2261 - The FF/Latch <Register/REG_Files_31_264> in Unit <REG_Exp> is equivalent to the following FF/Latch, which will be removed : <Register/REG_Files_31_258> 
INFO:Xst:2261 - The FF/Latch <Register/REG_Files_31_309> in Unit <REG_Exp> is equivalent to the following FF/Latch, which will be removed : <Register/REG_Files_31_291> 
INFO:Xst:2261 - The FF/Latch <Register/REG_Files_31_270> in Unit <REG_Exp> is equivalent to the following 2 FFs/Latches, which will be removed : <Register/REG_Files_31_266> <Register/REG_Files_31_262> 
INFO:Xst:2261 - The FF/Latch <Register/REG_Files_31_316> in Unit <REG_Exp> is equivalent to the following FF/Latch, which will be removed : <Register/REG_Files_31_313> 
INFO:Xst:2261 - The FF/Latch <Register/REG_Files_31_318> in Unit <REG_Exp> is equivalent to the following 2 FFs/Latches, which will be removed : <Register/REG_Files_31_310> <Register/REG_Files_31_301> 
INFO:Xst:2261 - The FF/Latch <Register/REG_Files_31_274> in Unit <REG_Exp> is equivalent to the following 2 FFs/Latches, which will be removed : <Register/REG_Files_31_265> <Register/REG_Files_31_260> 
INFO:Xst:2261 - The FF/Latch <Register/REG_Files_31_319> in Unit <REG_Exp> is equivalent to the following 2 FFs/Latches, which will be removed : <Register/REG_Files_31_311> <Register/REG_Files_31_304> 
INFO:Xst:2261 - The FF/Latch <Register/REG_Files_31_280> in Unit <REG_Exp> is equivalent to the following 5 FFs/Latches, which will be removed : <Register/REG_Files_31_273> <Register/REG_Files_31_271> <Register/REG_Files_31_267> <Register/REG_Files_31_263> <Register/REG_Files_31_256> 
INFO:Xst:2261 - The FF/Latch <Register/REG_Files_31_277> in Unit <REG_Exp> is equivalent to the following FF/Latch, which will be removed : <Register/REG_Files_31_259> 
INFO:Xst:2261 - The FF/Latch <Register/REG_Files_31_328> in Unit <REG_Exp> is equivalent to the following FF/Latch, which will be removed : <Register/REG_Files_31_322> 
INFO:Xst:2261 - The FF/Latch <Register/REG_Files_31_284> in Unit <REG_Exp> is equivalent to the following FF/Latch, which will be removed : <Register/REG_Files_31_281> 
INFO:Xst:2261 - The FF/Latch <Register/REG_Files_31_334> in Unit <REG_Exp> is equivalent to the following 2 FFs/Latches, which will be removed : <Register/REG_Files_31_330> <Register/REG_Files_31_326> 
INFO:Xst:2261 - The FF/Latch <Register/REG_Files_31_286> in Unit <REG_Exp> is equivalent to the following 2 FFs/Latches, which will be removed : <Register/REG_Files_31_278> <Register/REG_Files_31_269> 
INFO:Xst:2261 - The FF/Latch <Register/REG_Files_31_341> in Unit <REG_Exp> is equivalent to the following FF/Latch, which will be removed : <Register/REG_Files_31_323> 
INFO:Xst:2261 - The FF/Latch <Register/REG_Files_31_287> in Unit <REG_Exp> is equivalent to the following 2 FFs/Latches, which will be removed : <Register/REG_Files_31_279> <Register/REG_Files_31_272> 
INFO:Xst:2261 - The FF/Latch <Register/REG_Files_31_338> in Unit <REG_Exp> is equivalent to the following 2 FFs/Latches, which will be removed : <Register/REG_Files_31_329> <Register/REG_Files_31_324> 
INFO:Xst:2261 - The FF/Latch <Register/REG_Files_31_344> in Unit <REG_Exp> is equivalent to the following 5 FFs/Latches, which will be removed : <Register/REG_Files_31_337> <Register/REG_Files_31_335> <Register/REG_Files_31_331> <Register/REG_Files_31_327> <Register/REG_Files_31_320> 
INFO:Xst:2261 - The FF/Latch <Register/REG_Files_31_350> in Unit <REG_Exp> is equivalent to the following 2 FFs/Latches, which will be removed : <Register/REG_Files_31_342> <Register/REG_Files_31_333> 
INFO:Xst:2261 - The FF/Latch <Register/REG_Files_31_296> in Unit <REG_Exp> is equivalent to the following FF/Latch, which will be removed : <Register/REG_Files_31_290> 
INFO:Xst:2261 - The FF/Latch <Register/REG_Files_31_351> in Unit <REG_Exp> is equivalent to the following 2 FFs/Latches, which will be removed : <Register/REG_Files_31_343> <Register/REG_Files_31_336> 
INFO:Xst:2261 - The FF/Latch <Register/REG_Files_31_402> in Unit <REG_Exp> is equivalent to the following 2 FFs/Latches, which will be removed : <Register/REG_Files_31_393> <Register/REG_Files_31_388> 
INFO:Xst:2261 - The FF/Latch <Register/REG_Files_31_348> in Unit <REG_Exp> is equivalent to the following FF/Latch, which will be removed : <Register/REG_Files_31_345> 
INFO:Xst:2261 - The FF/Latch <Register/REG_Files_31_360> in Unit <REG_Exp> is equivalent to the following FF/Latch, which will be removed : <Register/REG_Files_31_354> 
INFO:Xst:2261 - The FF/Latch <Register/REG_Files_31_405> in Unit <REG_Exp> is equivalent to the following FF/Latch, which will be removed : <Register/REG_Files_31_387> 
INFO:Xst:2261 - The FF/Latch <Register/REG_Files_31_412> in Unit <REG_Exp> is equivalent to the following FF/Latch, which will be removed : <Register/REG_Files_31_409> 
INFO:Xst:2261 - The FF/Latch <Register/REG_Files_31_408> in Unit <REG_Exp> is equivalent to the following 5 FFs/Latches, which will be removed : <Register/REG_Files_31_401> <Register/REG_Files_31_399> <Register/REG_Files_31_395> <Register/REG_Files_31_391> <Register/REG_Files_31_384> 
INFO:Xst:2261 - The FF/Latch <Register/REG_Files_31_414> in Unit <REG_Exp> is equivalent to the following 2 FFs/Latches, which will be removed : <Register/REG_Files_31_406> <Register/REG_Files_31_397> 
INFO:Xst:2261 - The FF/Latch <Register/REG_Files_31_370> in Unit <REG_Exp> is equivalent to the following 2 FFs/Latches, which will be removed : <Register/REG_Files_31_361> <Register/REG_Files_31_356> 
INFO:Xst:2261 - The FF/Latch <Register/REG_Files_31_415> in Unit <REG_Exp> is equivalent to the following 2 FFs/Latches, which will be removed : <Register/REG_Files_31_407> <Register/REG_Files_31_400> 
INFO:Xst:2261 - The FF/Latch <Register/REG_Files_31_366> in Unit <REG_Exp> is equivalent to the following 2 FFs/Latches, which will be removed : <Register/REG_Files_31_362> <Register/REG_Files_31_358> 
INFO:Xst:2261 - The FF/Latch <Register/REG_Files_31_373> in Unit <REG_Exp> is equivalent to the following FF/Latch, which will be removed : <Register/REG_Files_31_355> 
INFO:Xst:2261 - The FF/Latch <Register/REG_Files_31_424> in Unit <REG_Exp> is equivalent to the following FF/Latch, which will be removed : <Register/REG_Files_31_418> 
INFO:Xst:2261 - The FF/Latch <Register/REG_Files_31_380> in Unit <REG_Exp> is equivalent to the following FF/Latch, which will be removed : <Register/REG_Files_31_377> 
INFO:Xst:2261 - The FF/Latch <Register/REG_Files_31_430> in Unit <REG_Exp> is equivalent to the following 2 FFs/Latches, which will be removed : <Register/REG_Files_31_426> <Register/REG_Files_31_422> 
INFO:Xst:2261 - The FF/Latch <Register/REG_Files_31_376> in Unit <REG_Exp> is equivalent to the following 5 FFs/Latches, which will be removed : <Register/REG_Files_31_369> <Register/REG_Files_31_367> <Register/REG_Files_31_363> <Register/REG_Files_31_359> <Register/REG_Files_31_352> 
INFO:Xst:2261 - The FF/Latch <Register/REG_Files_31_382> in Unit <REG_Exp> is equivalent to the following 2 FFs/Latches, which will be removed : <Register/REG_Files_31_374> <Register/REG_Files_31_365> 
INFO:Xst:2261 - The FF/Latch <Register/REG_Files_31_383> in Unit <REG_Exp> is equivalent to the following 2 FFs/Latches, which will be removed : <Register/REG_Files_31_375> <Register/REG_Files_31_368> 
INFO:Xst:2261 - The FF/Latch <Register/REG_Files_31_434> in Unit <REG_Exp> is equivalent to the following 2 FFs/Latches, which will be removed : <Register/REG_Files_31_425> <Register/REG_Files_31_420> 
INFO:Xst:2261 - The FF/Latch <Register/REG_Files_31_440> in Unit <REG_Exp> is equivalent to the following 5 FFs/Latches, which will be removed : <Register/REG_Files_31_433> <Register/REG_Files_31_431> <Register/REG_Files_31_427> <Register/REG_Files_31_423> <Register/REG_Files_31_416> 
INFO:Xst:2261 - The FF/Latch <Register/REG_Files_31_392> in Unit <REG_Exp> is equivalent to the following FF/Latch, which will be removed : <Register/REG_Files_31_386> 
INFO:Xst:2261 - The FF/Latch <Register/REG_Files_31_437> in Unit <REG_Exp> is equivalent to the following FF/Latch, which will be removed : <Register/REG_Files_31_419> 
INFO:Xst:2261 - The FF/Latch <Register/REG_Files_31_444> in Unit <REG_Exp> is equivalent to the following FF/Latch, which will be removed : <Register/REG_Files_31_441> 
INFO:Xst:2261 - The FF/Latch <Register/REG_Files_31_446> in Unit <REG_Exp> is equivalent to the following 2 FFs/Latches, which will be removed : <Register/REG_Files_31_438> <Register/REG_Files_31_429> 
INFO:Xst:2261 - The FF/Latch <Register/REG_Files_31_501> in Unit <REG_Exp> is equivalent to the following FF/Latch, which will be removed : <Register/REG_Files_31_483> 
INFO:Xst:2261 - The FF/Latch <Register/REG_Files_31_447> in Unit <REG_Exp> is equivalent to the following 2 FFs/Latches, which will be removed : <Register/REG_Files_31_439> <Register/REG_Files_31_432> 
INFO:Xst:2261 - The FF/Latch <Register/REG_Files_31_398> in Unit <REG_Exp> is equivalent to the following 2 FFs/Latches, which will be removed : <Register/REG_Files_31_394> <Register/REG_Files_31_390> 
INFO:Xst:2261 - The FF/Latch <Register/REG_Files_31_504> in Unit <REG_Exp> is equivalent to the following 5 FFs/Latches, which will be removed : <Register/REG_Files_31_497> <Register/REG_Files_31_495> <Register/REG_Files_31_491> <Register/REG_Files_31_487> <Register/REG_Files_31_480> 
INFO:Xst:2261 - The FF/Latch <Register/REG_Files_31_510> in Unit <REG_Exp> is equivalent to the following 2 FFs/Latches, which will be removed : <Register/REG_Files_31_502> <Register/REG_Files_31_493> 
INFO:Xst:2261 - The FF/Latch <Register/REG_Files_31_456> in Unit <REG_Exp> is equivalent to the following FF/Latch, which will be removed : <Register/REG_Files_31_450> 
INFO:Xst:2261 - The FF/Latch <Register/REG_Files_31_511> in Unit <REG_Exp> is equivalent to the following 2 FFs/Latches, which will be removed : <Register/REG_Files_31_503> <Register/REG_Files_31_496> 
INFO:Xst:2261 - The FF/Latch <Register/REG_Files_31_462> in Unit <REG_Exp> is equivalent to the following 2 FFs/Latches, which will be removed : <Register/REG_Files_31_458> <Register/REG_Files_31_454> 
INFO:Xst:2261 - The FF/Latch <Register/REG_Files_31_508> in Unit <REG_Exp> is equivalent to the following FF/Latch, which will be removed : <Register/REG_Files_31_505> 
INFO:Xst:2261 - The FF/Latch <Register/REG_Files_31_520> in Unit <REG_Exp> is equivalent to the following FF/Latch, which will be removed : <Register/REG_Files_31_514> 
INFO:Xst:2261 - The FF/Latch <Register/REG_Files_31_466> in Unit <REG_Exp> is equivalent to the following 2 FFs/Latches, which will be removed : <Register/REG_Files_31_457> <Register/REG_Files_31_452> 
INFO:Xst:2261 - The FF/Latch <Register/REG_Files_31_472> in Unit <REG_Exp> is equivalent to the following 5 FFs/Latches, which will be removed : <Register/REG_Files_31_465> <Register/REG_Files_31_463> <Register/REG_Files_31_459> <Register/REG_Files_31_455> <Register/REG_Files_31_448> 
INFO:Xst:2261 - The FF/Latch <Register/REG_Files_31_469> in Unit <REG_Exp> is equivalent to the following FF/Latch, which will be removed : <Register/REG_Files_31_451> 
INFO:Xst:2261 - The FF/Latch <Register/REG_Files_31_530> in Unit <REG_Exp> is equivalent to the following 2 FFs/Latches, which will be removed : <Register/REG_Files_31_521> <Register/REG_Files_31_516> 
INFO:Xst:2261 - The FF/Latch <Register/REG_Files_31_476> in Unit <REG_Exp> is equivalent to the following FF/Latch, which will be removed : <Register/REG_Files_31_473> 
INFO:Xst:2261 - The FF/Latch <Register/REG_Files_31_526> in Unit <REG_Exp> is equivalent to the following 2 FFs/Latches, which will be removed : <Register/REG_Files_31_522> <Register/REG_Files_31_518> 
INFO:Xst:2261 - The FF/Latch <Register/REG_Files_31_478> in Unit <REG_Exp> is equivalent to the following 2 FFs/Latches, which will be removed : <Register/REG_Files_31_470> <Register/REG_Files_31_461> 
INFO:Xst:2261 - The FF/Latch <Register/REG_Files_31_533> in Unit <REG_Exp> is equivalent to the following FF/Latch, which will be removed : <Register/REG_Files_31_515> 
INFO:Xst:2261 - The FF/Latch <Register/REG_Files_31_479> in Unit <REG_Exp> is equivalent to the following 2 FFs/Latches, which will be removed : <Register/REG_Files_31_471> <Register/REG_Files_31_464> 
INFO:Xst:2261 - The FF/Latch <Register/REG_Files_31_540> in Unit <REG_Exp> is equivalent to the following FF/Latch, which will be removed : <Register/REG_Files_31_537> 
INFO:Xst:2261 - The FF/Latch <Register/REG_Files_31_536> in Unit <REG_Exp> is equivalent to the following 5 FFs/Latches, which will be removed : <Register/REG_Files_31_529> <Register/REG_Files_31_527> <Register/REG_Files_31_523> <Register/REG_Files_31_519> <Register/REG_Files_31_512> 
INFO:Xst:2261 - The FF/Latch <Register/REG_Files_31_542> in Unit <REG_Exp> is equivalent to the following 2 FFs/Latches, which will be removed : <Register/REG_Files_31_534> <Register/REG_Files_31_525> 
INFO:Xst:2261 - The FF/Latch <Register/REG_Files_31_488> in Unit <REG_Exp> is equivalent to the following FF/Latch, which will be removed : <Register/REG_Files_31_482> 
INFO:Xst:2261 - The FF/Latch <Register/REG_Files_31_543> in Unit <REG_Exp> is equivalent to the following 2 FFs/Latches, which will be removed : <Register/REG_Files_31_535> <Register/REG_Files_31_528> 
INFO:Xst:2261 - The FF/Latch <Register/REG_Files_31_494> in Unit <REG_Exp> is equivalent to the following 2 FFs/Latches, which will be removed : <Register/REG_Files_31_490> <Register/REG_Files_31_486> 
INFO:Xst:2261 - The FF/Latch <Register/REG_Files_31_600> in Unit <REG_Exp> is equivalent to the following 5 FFs/Latches, which will be removed : <Register/REG_Files_31_593> <Register/REG_Files_31_591> <Register/REG_Files_31_587> <Register/REG_Files_31_583> <Register/REG_Files_31_576> 
INFO:Xst:2261 - The FF/Latch <Register/REG_Files_31_552> in Unit <REG_Exp> is equivalent to the following FF/Latch, which will be removed : <Register/REG_Files_31_546> 
INFO:Xst:2261 - The FF/Latch <Register/REG_Files_31_498> in Unit <REG_Exp> is equivalent to the following 2 FFs/Latches, which will be removed : <Register/REG_Files_31_489> <Register/REG_Files_31_484> 
INFO:Xst:2261 - The FF/Latch <Register/REG_Files_31_604> in Unit <REG_Exp> is equivalent to the following FF/Latch, which will be removed : <Register/REG_Files_31_601> 
INFO:Xst:2261 - The FF/Latch <Register/REG_Files_31_606> in Unit <REG_Exp> is equivalent to the following 2 FFs/Latches, which will be removed : <Register/REG_Files_31_598> <Register/REG_Files_31_589> 
INFO:Xst:2261 - The FF/Latch <Register/REG_Files_31_562> in Unit <REG_Exp> is equivalent to the following 2 FFs/Latches, which will be removed : <Register/REG_Files_31_553> <Register/REG_Files_31_548> 
INFO:Xst:2261 - The FF/Latch <Register/REG_Files_31_607> in Unit <REG_Exp> is equivalent to the following 2 FFs/Latches, which will be removed : <Register/REG_Files_31_599> <Register/REG_Files_31_592> 
INFO:Xst:2261 - The FF/Latch <Register/REG_Files_31_558> in Unit <REG_Exp> is equivalent to the following 2 FFs/Latches, which will be removed : <Register/REG_Files_31_554> <Register/REG_Files_31_550> 
INFO:Xst:2261 - The FF/Latch <Register/REG_Files_31_565> in Unit <REG_Exp> is equivalent to the following FF/Latch, which will be removed : <Register/REG_Files_31_547> 
INFO:Xst:2261 - The FF/Latch <Register/REG_Files_31_616> in Unit <REG_Exp> is equivalent to the following FF/Latch, which will be removed : <Register/REG_Files_31_610> 
INFO:Xst:2261 - The FF/Latch <Register/REG_Files_31_572> in Unit <REG_Exp> is equivalent to the following FF/Latch, which will be removed : <Register/REG_Files_31_569> 
INFO:Xst:2261 - The FF/Latch <Register/REG_Files_31_622> in Unit <REG_Exp> is equivalent to the following 2 FFs/Latches, which will be removed : <Register/REG_Files_31_618> <Register/REG_Files_31_614> 
INFO:Xst:2261 - The FF/Latch <Register/REG_Files_31_568> in Unit <REG_Exp> is equivalent to the following 5 FFs/Latches, which will be removed : <Register/REG_Files_31_561> <Register/REG_Files_31_559> <Register/REG_Files_31_555> <Register/REG_Files_31_551> <Register/REG_Files_31_544> 
INFO:Xst:2261 - The FF/Latch <Register/REG_Files_31_574> in Unit <REG_Exp> is equivalent to the following 2 FFs/Latches, which will be removed : <Register/REG_Files_31_566> <Register/REG_Files_31_557> 
INFO:Xst:2261 - The FF/Latch <Register/REG_Files_31_575> in Unit <REG_Exp> is equivalent to the following 2 FFs/Latches, which will be removed : <Register/REG_Files_31_567> <Register/REG_Files_31_560> 
INFO:Xst:2261 - The FF/Latch <Register/REG_Files_31_626> in Unit <REG_Exp> is equivalent to the following 2 FFs/Latches, which will be removed : <Register/REG_Files_31_617> <Register/REG_Files_31_612> 
INFO:Xst:2261 - The FF/Latch <Register/REG_Files_31_632> in Unit <REG_Exp> is equivalent to the following 5 FFs/Latches, which will be removed : <Register/REG_Files_31_625> <Register/REG_Files_31_623> <Register/REG_Files_31_619> <Register/REG_Files_31_615> <Register/REG_Files_31_608> 
INFO:Xst:2261 - The FF/Latch <Register/REG_Files_31_584> in Unit <REG_Exp> is equivalent to the following FF/Latch, which will be removed : <Register/REG_Files_31_578> 
INFO:Xst:2261 - The FF/Latch <Register/REG_Files_31_629> in Unit <REG_Exp> is equivalent to the following FF/Latch, which will be removed : <Register/REG_Files_31_611> 
INFO:Xst:2261 - The FF/Latch <Register/REG_Files_31_590> in Unit <REG_Exp> is equivalent to the following 2 FFs/Latches, which will be removed : <Register/REG_Files_31_586> <Register/REG_Files_31_582> 
INFO:Xst:2261 - The FF/Latch <Register/REG_Files_31_636> in Unit <REG_Exp> is equivalent to the following FF/Latch, which will be removed : <Register/REG_Files_31_633> 
INFO:Xst:2261 - The FF/Latch <Register/REG_Files_31_638> in Unit <REG_Exp> is equivalent to the following 2 FFs/Latches, which will be removed : <Register/REG_Files_31_630> <Register/REG_Files_31_621> 
INFO:Xst:2261 - The FF/Latch <Register/REG_Files_31_594> in Unit <REG_Exp> is equivalent to the following 2 FFs/Latches, which will be removed : <Register/REG_Files_31_585> <Register/REG_Files_31_580> 
INFO:Xst:2261 - The FF/Latch <Register/REG_Files_31_639> in Unit <REG_Exp> is equivalent to the following 2 FFs/Latches, which will be removed : <Register/REG_Files_31_631> <Register/REG_Files_31_624> 
INFO:Xst:2261 - The FF/Latch <Register/REG_Files_31_700> in Unit <REG_Exp> is equivalent to the following FF/Latch, which will be removed : <Register/REG_Files_31_697> 
INFO:Xst:2261 - The FF/Latch <Register/REG_Files_31_597> in Unit <REG_Exp> is equivalent to the following FF/Latch, which will be removed : <Register/REG_Files_31_579> 
INFO:Xst:2261 - The FF/Latch <Register/REG_Files_31_702> in Unit <REG_Exp> is equivalent to the following 2 FFs/Latches, which will be removed : <Register/REG_Files_31_694> <Register/REG_Files_31_685> 
INFO:Xst:2261 - The FF/Latch <Register/REG_Files_31_648> in Unit <REG_Exp> is equivalent to the following FF/Latch, which will be removed : <Register/REG_Files_31_642> 
INFO:Xst:2261 - The FF/Latch <Register/REG_Files_31_703> in Unit <REG_Exp> is equivalent to the following 2 FFs/Latches, which will be removed : <Register/REG_Files_31_695> <Register/REG_Files_31_688> 
INFO:Xst:2261 - The FF/Latch <Register/REG_Files_31_654> in Unit <REG_Exp> is equivalent to the following 2 FFs/Latches, which will be removed : <Register/REG_Files_31_650> <Register/REG_Files_31_646> 
INFO:Xst:2261 - The FF/Latch <Register/REG_Files_31_661> in Unit <REG_Exp> is equivalent to the following FF/Latch, which will be removed : <Register/REG_Files_31_643> 
INFO:Xst:2261 - The FF/Latch <Register/REG_Files_31_712> in Unit <REG_Exp> is equivalent to the following FF/Latch, which will be removed : <Register/REG_Files_31_706> 
INFO:Xst:2261 - The FF/Latch <Register/REG_Files_31_658> in Unit <REG_Exp> is equivalent to the following 2 FFs/Latches, which will be removed : <Register/REG_Files_31_649> <Register/REG_Files_31_644> 
INFO:Xst:2261 - The FF/Latch <Register/REG_Files_31_664> in Unit <REG_Exp> is equivalent to the following 5 FFs/Latches, which will be removed : <Register/REG_Files_31_657> <Register/REG_Files_31_655> <Register/REG_Files_31_651> <Register/REG_Files_31_647> <Register/REG_Files_31_640> 
INFO:Xst:2261 - The FF/Latch <Register/REG_Files_31_670> in Unit <REG_Exp> is equivalent to the following 2 FFs/Latches, which will be removed : <Register/REG_Files_31_662> <Register/REG_Files_31_653> 
INFO:Xst:2261 - The FF/Latch <Register/REG_Files_31_671> in Unit <REG_Exp> is equivalent to the following 2 FFs/Latches, which will be removed : <Register/REG_Files_31_663> <Register/REG_Files_31_656> 
INFO:Xst:2261 - The FF/Latch <Register/REG_Files_31_722> in Unit <REG_Exp> is equivalent to the following 2 FFs/Latches, which will be removed : <Register/REG_Files_31_713> <Register/REG_Files_31_708> 
INFO:Xst:2261 - The FF/Latch <Register/REG_Files_31_668> in Unit <REG_Exp> is equivalent to the following FF/Latch, which will be removed : <Register/REG_Files_31_665> 
INFO:Xst:2261 - The FF/Latch <Register/REG_Files_31_718> in Unit <REG_Exp> is equivalent to the following 2 FFs/Latches, which will be removed : <Register/REG_Files_31_714> <Register/REG_Files_31_710> 
INFO:Xst:2261 - The FF/Latch <Register/REG_Files_31_680> in Unit <REG_Exp> is equivalent to the following FF/Latch, which will be removed : <Register/REG_Files_31_674> 
INFO:Xst:2261 - The FF/Latch <Register/REG_Files_31_725> in Unit <REG_Exp> is equivalent to the following FF/Latch, which will be removed : <Register/REG_Files_31_707> 
INFO:Xst:2261 - The FF/Latch <Register/REG_Files_31_732> in Unit <REG_Exp> is equivalent to the following FF/Latch, which will be removed : <Register/REG_Files_31_729> 
INFO:Xst:2261 - The FF/Latch <Register/REG_Files_31_728> in Unit <REG_Exp> is equivalent to the following 5 FFs/Latches, which will be removed : <Register/REG_Files_31_721> <Register/REG_Files_31_719> <Register/REG_Files_31_715> <Register/REG_Files_31_711> <Register/REG_Files_31_704> 
INFO:Xst:2261 - The FF/Latch <Register/REG_Files_31_734> in Unit <REG_Exp> is equivalent to the following 2 FFs/Latches, which will be removed : <Register/REG_Files_31_726> <Register/REG_Files_31_717> 
INFO:Xst:2261 - The FF/Latch <Register/REG_Files_31_690> in Unit <REG_Exp> is equivalent to the following 2 FFs/Latches, which will be removed : <Register/REG_Files_31_681> <Register/REG_Files_31_676> 
INFO:Xst:2261 - The FF/Latch <Register/REG_Files_31_735> in Unit <REG_Exp> is equivalent to the following 2 FFs/Latches, which will be removed : <Register/REG_Files_31_727> <Register/REG_Files_31_720> 
INFO:Xst:2261 - The FF/Latch <Register/REG_Files_31_686> in Unit <REG_Exp> is equivalent to the following 2 FFs/Latches, which will be removed : <Register/REG_Files_31_682> <Register/REG_Files_31_678> 
INFO:Xst:2261 - The FF/Latch <Register/REG_Files_31_693> in Unit <REG_Exp> is equivalent to the following FF/Latch, which will be removed : <Register/REG_Files_31_675> 
INFO:Xst:2261 - The FF/Latch <Register/REG_Files_31_744> in Unit <REG_Exp> is equivalent to the following FF/Latch, which will be removed : <Register/REG_Files_31_738> 
INFO:Xst:2261 - The FF/Latch <Register/REG_Files_31_750> in Unit <REG_Exp> is equivalent to the following 2 FFs/Latches, which will be removed : <Register/REG_Files_31_746> <Register/REG_Files_31_742> 
INFO:Xst:2261 - The FF/Latch <Register/REG_Files_31_696> in Unit <REG_Exp> is equivalent to the following 5 FFs/Latches, which will be removed : <Register/REG_Files_31_689> <Register/REG_Files_31_687> <Register/REG_Files_31_683> <Register/REG_Files_31_679> <Register/REG_Files_31_672> 
INFO:Xst:2261 - The FF/Latch <Register/REG_Files_31_754> in Unit <REG_Exp> is equivalent to the following 2 FFs/Latches, which will be removed : <Register/REG_Files_31_745> <Register/REG_Files_31_740> 
INFO:Xst:2261 - The FF/Latch <Register/REG_Files_31_760> in Unit <REG_Exp> is equivalent to the following 5 FFs/Latches, which will be removed : <Register/REG_Files_31_753> <Register/REG_Files_31_751> <Register/REG_Files_31_747> <Register/REG_Files_31_743> <Register/REG_Files_31_736> 
INFO:Xst:2261 - The FF/Latch <Register/REG_Files_31_757> in Unit <REG_Exp> is equivalent to the following FF/Latch, which will be removed : <Register/REG_Files_31_739> 
INFO:Xst:2261 - The FF/Latch <Register/REG_Files_31_808> in Unit <REG_Exp> is equivalent to the following FF/Latch, which will be removed : <Register/REG_Files_31_802> 
INFO:Xst:2261 - The FF/Latch <Register/REG_Files_31_764> in Unit <REG_Exp> is equivalent to the following FF/Latch, which will be removed : <Register/REG_Files_31_761> 
INFO:Xst:2261 - The FF/Latch <Register/REG_Files_31_814> in Unit <REG_Exp> is equivalent to the following 2 FFs/Latches, which will be removed : <Register/REG_Files_31_810> <Register/REG_Files_31_806> 
INFO:Xst:2261 - The FF/Latch <Register/REG_Files_31_766> in Unit <REG_Exp> is equivalent to the following 2 FFs/Latches, which will be removed : <Register/REG_Files_31_758> <Register/REG_Files_31_749> 
INFO:Xst:2261 - The FF/Latch <Register/REG_Files_31_821> in Unit <REG_Exp> is equivalent to the following FF/Latch, which will be removed : <Register/REG_Files_31_803> 
INFO:Xst:2261 - The FF/Latch <Register/REG_Files_31_767> in Unit <REG_Exp> is equivalent to the following 2 FFs/Latches, which will be removed : <Register/REG_Files_31_759> <Register/REG_Files_31_752> 
INFO:Xst:2261 - The FF/Latch <Register/REG_Files_31_818> in Unit <REG_Exp> is equivalent to the following 2 FFs/Latches, which will be removed : <Register/REG_Files_31_809> <Register/REG_Files_31_804> 
INFO:Xst:2261 - The FF/Latch <Register/REG_Files_31_824> in Unit <REG_Exp> is equivalent to the following 5 FFs/Latches, which will be removed : <Register/REG_Files_31_817> <Register/REG_Files_31_815> <Register/REG_Files_31_811> <Register/REG_Files_31_807> <Register/REG_Files_31_800> 
INFO:Xst:2261 - The FF/Latch <Register/REG_Files_31_830> in Unit <REG_Exp> is equivalent to the following 2 FFs/Latches, which will be removed : <Register/REG_Files_31_822> <Register/REG_Files_31_813> 
INFO:Xst:2261 - The FF/Latch <Register/REG_Files_31_831> in Unit <REG_Exp> is equivalent to the following 2 FFs/Latches, which will be removed : <Register/REG_Files_31_823> <Register/REG_Files_31_816> 
INFO:Xst:2261 - The FF/Latch <Register/REG_Files_31_776> in Unit <REG_Exp> is equivalent to the following FF/Latch, which will be removed : <Register/REG_Files_31_770> 
INFO:Xst:2261 - The FF/Latch <Register/REG_Files_31_782> in Unit <REG_Exp> is equivalent to the following 2 FFs/Latches, which will be removed : <Register/REG_Files_31_778> <Register/REG_Files_31_774> 
INFO:Xst:2261 - The FF/Latch <Register/REG_Files_31_828> in Unit <REG_Exp> is equivalent to the following FF/Latch, which will be removed : <Register/REG_Files_31_825> 
INFO:Xst:2261 - The FF/Latch <Register/REG_Files_31_840> in Unit <REG_Exp> is equivalent to the following FF/Latch, which will be removed : <Register/REG_Files_31_834> 
INFO:Xst:2261 - The FF/Latch <Register/REG_Files_31_786> in Unit <REG_Exp> is equivalent to the following 2 FFs/Latches, which will be removed : <Register/REG_Files_31_777> <Register/REG_Files_31_772> 
INFO:Xst:2261 - The FF/Latch <Register/REG_Files_31_792> in Unit <REG_Exp> is equivalent to the following 5 FFs/Latches, which will be removed : <Register/REG_Files_31_785> <Register/REG_Files_31_783> <Register/REG_Files_31_779> <Register/REG_Files_31_775> <Register/REG_Files_31_768> 
INFO:Xst:2261 - The FF/Latch <Register/REG_Files_31_789> in Unit <REG_Exp> is equivalent to the following FF/Latch, which will be removed : <Register/REG_Files_31_771> 
INFO:Xst:2261 - The FF/Latch <Register/REG_Files_31_850> in Unit <REG_Exp> is equivalent to the following 2 FFs/Latches, which will be removed : <Register/REG_Files_31_841> <Register/REG_Files_31_836> 
INFO:Xst:2261 - The FF/Latch <Register/REG_Files_31_796> in Unit <REG_Exp> is equivalent to the following FF/Latch, which will be removed : <Register/REG_Files_31_793> 
INFO:Xst:2261 - The FF/Latch <Register/REG_Files_31_846> in Unit <REG_Exp> is equivalent to the following 2 FFs/Latches, which will be removed : <Register/REG_Files_31_842> <Register/REG_Files_31_838> 
INFO:Xst:2261 - The FF/Latch <Register/REG_Files_31_798> in Unit <REG_Exp> is equivalent to the following 2 FFs/Latches, which will be removed : <Register/REG_Files_31_790> <Register/REG_Files_31_781> 
INFO:Xst:2261 - The FF/Latch <Register/REG_Files_31_853> in Unit <REG_Exp> is equivalent to the following FF/Latch, which will be removed : <Register/REG_Files_31_835> 

Mapping all equations...
Building and optimizing final netlist ...
Found area constraint ratio of 100 (+ 5) on block REG_Exp, actual ratio is 12.

Final Macro Processing ...

=========================================================================
Final Register Report

Macro Statistics
# Registers                                            : 512
 Flip-Flops                                            : 512

=========================================================================

=========================================================================
*                           Partition Report                            *
=========================================================================

Partition Implementation Status
-------------------------------

  No Partitions were found in this design.

-------------------------------

=========================================================================
*                            Design Summary                             *
=========================================================================

Top Level Output File Name         : REG_Exp.ngc

Primitive and Black Box Usage:
------------------------------
# BELS                             : 724
#      LUT4                        : 128
#      LUT5                        : 416
#      LUT6                        : 174
#      MUXF7                       : 6
# FlipFlops/Latches                : 512
#      FDCE                        : 512
# Clock Buffers                    : 1
#      BUFGP                       : 1
# IO Buffers                       : 17
#      IBUF                        : 9
#      OBUF                        : 8

Device utilization summary:
---------------------------

Selected Device : 6slx16csg324-3 


Slice Logic Utilization: 
 Number of Slice Registers:             512  out of  18224     2%  
 Number of Slice LUTs:                  718  out of   9112     7%  
    Number used as Logic:               718  out of   9112     7%  

Slice Logic Distribution: 
 Number of LUT Flip Flop pairs used:    718
   Number with an unused Flip Flop:     206  out of    718    28%  
   Number with an unused LUT:             0  out of    718     0%  
   Number of fully used LUT-FF pairs:   512  out of    718    71%  
   Number of unique control sets:         1

IO Utilization: 
 Number of IOs:                          19
 Number of bonded IOBs:                  18  out of    232     7%  

Specific Feature Utilization:
 Number of BUFG/BUFGCTRLs:                1  out of     16     6%  

---------------------------
Partition Resource Summary:
---------------------------

  No Partitions were found in this design.

---------------------------


=========================================================================
Timing Report

NOTE: THESE TIMING NUMBERS ARE ONLY A SYNTHESIS ESTIMATE.
      FOR ACCURATE TIMING INFORMATION PLEASE REFER TO THE TRACE REPORT
      GENERATED AFTER PLACE-and-ROUTE.

Clock Information:
------------------
-----------------------------------+------------------------+-------+
Clock Signal                       | Clock buffer(FF name)  | Load  |
-----------------------------------+------------------------+-------+
Clk                                | BUFGP                  | 512   |
-----------------------------------+------------------------+-------+

Asynchronous Control Signals Information:
----------------------------------------
No asynchronous control signals found in this design

Timing Summary:
---------------
Speed Grade: -3

   Minimum period: 1.371ns (Maximum Frequency: 729.262MHz)
   Minimum input arrival time before clock: 5.441ns
   Maximum output required time after clock: 6.999ns
   Maximum combinational path delay: 9.291ns

Timing Details:
---------------
All values displayed in nanoseconds (ns)

=========================================================================
Timing constraint: Default period analysis for Clock 'Clk'
  Clock period: 1.371ns (frequency: 729.262MHz)
  Total number of paths / destination ports: 512 / 512
-------------------------------------------------------------------------
Delay:               1.371ns (Levels of Logic = 1)
  Source:            Register/REG_Files_31_1023 (FF)
  Destination:       Register/REG_Files_31_1023 (FF)
  Source Clock:      Clk rising
  Destination Clock: Clk rising

  Data Path: Register/REG_Files_31_1023 to Register/REG_Files_31_1023
                                Gate     Net
    Cell:in->out      fanout   Delay   Delay  Logical Name (Net Name)
    ----------------------------------------  ------------
     FDCE:C->Q             2   0.447   0.617  Register/REG_Files_31_1023 (Register/REG_Files_31_1023)
     LUT5:I4->O            1   0.205   0.000  Register/Mmux_REG_Files[0][31]_W_Data[31]_mux_34_OUT251 (Register/REG_Files[0][31]_W_Data[31]_mux_34_OUT<31>)
     FDCE:D                    0.102          Register/REG_Files_31_1023
    ----------------------------------------
    Total                      1.371ns (0.754ns logic, 0.617ns route)
                                       (55.0% logic, 45.0% route)

=========================================================================
Timing constraint: Default OFFSET IN BEFORE for Clock 'Clk'
  Total number of paths / destination ports: 4992 / 1536
-------------------------------------------------------------------------
Offset:              5.441ns (Levels of Logic = 3)
  Source:            Reg_Addr<1> (PAD)
  Destination:       Register/REG_Files_31_383 (FF)
  Destination Clock: Clk rising

  Data Path: Reg_Addr<1> to Register/REG_Files_31_383
                                Gate     Net
    Cell:in->out      fanout   Delay   Delay  Logical Name (Net Name)
    ----------------------------------------  ------------
     IBUF:I->O           160   1.222   2.362  Reg_Addr_1_IBUF (Reg_Addr_1_IBUF)
     LUT5:I0->O           16   0.203   1.349  Register/W_Addr[4]_Decoder_2_OUT<20><4>1 (Register/W_Addr[4]_Decoder_2_OUT<20>)
     LUT5:I0->O            1   0.203   0.000  Register/Mmux_REG_Files[20][31]_W_Data[31]_mux_14_OUT41 (Register/REG_Files[20][31]_W_Data[31]_mux_14_OUT<12>)
     FDCE:D                    0.102          Register/REG_Files_31_364
    ----------------------------------------
    Total                      5.441ns (1.730ns logic, 3.711ns route)
                                       (31.8% logic, 68.2% route)

=========================================================================
Timing constraint: Default OFFSET OUT AFTER for Clock 'Clk'
  Total number of paths / destination ports: 896 / 8
-------------------------------------------------------------------------
Offset:              6.999ns (Levels of Logic = 5)
  Source:            Register/REG_Files_31_184 (FF)
  Destination:       LED<1> (PAD)
  Source Clock:      Clk rising

  Data Path: Register/REG_Files_31_184 to LED<1>
                                Gate     Net
    Cell:in->out      fanout   Delay   Delay  Logical Name (Net Name)
    ----------------------------------------  ------------
     FDCE:C->Q             2   0.447   0.864  Register/REG_Files_31_184 (Register/REG_Files_31_184)
     LUT6:I2->O            1   0.203   0.827  Register/Mmux_R_Data_B_81 (Register/Mmux_R_Data_A_81)
     LUT6:I2->O            5   0.203   0.962  Register/Mmux_R_Data_B_3 (Register/Mmux_R_Data_A_3)
     LUT6:I2->O            1   0.203   0.000  Mmux_LED_31 (Mmux_LED_31)
     MUXF7:I1->O           1   0.140   0.579  Mmux_LED_2_f7_0 (LED_1_OBUF)
     OBUF:I->O                 2.571          LED_1_OBUF (LED<1>)
    ----------------------------------------
    Total                      6.999ns (3.767ns logic, 3.232ns route)
                                       (53.8% logic, 46.2% route)

=========================================================================
Timing constraint: Default path analysis
  Total number of paths / destination ports: 594 / 8
-------------------------------------------------------------------------
Delay:               9.291ns (Levels of Logic = 6)
  Source:            Reg_Addr<1> (PAD)
  Destination:       LED<1> (PAD)

  Data Path: Reg_Addr<1> to LED<1>
                                Gate     Net
    Cell:in->out      fanout   Delay   Delay  Logical Name (Net Name)
    ----------------------------------------  ------------
     IBUF:I->O           160   1.222   2.382  Reg_Addr_1_IBUF (Reg_Addr_1_IBUF)
     LUT6:I0->O            1   0.203   0.827  Register/Mmux_R_Data_B_81 (Register/Mmux_R_Data_A_81)
     LUT6:I2->O            5   0.203   0.962  Register/Mmux_R_Data_B_3 (Register/Mmux_R_Data_A_3)
     LUT6:I2->O            1   0.203   0.000  Mmux_LED_31 (Mmux_LED_31)
     MUXF7:I1->O           1   0.140   0.579  Mmux_LED_2_f7_0 (LED_1_OBUF)
     OBUF:I->O                 2.571          LED_1_OBUF (LED<1>)
    ----------------------------------------
    Total                      9.291ns (4.542ns logic, 4.749ns route)
                                       (48.9% logic, 51.1% route)

=========================================================================

Cross Clock Domains Report:
--------------------------

Clock to Setup on destination clock Clk
---------------+---------+---------+---------+---------+
               | Src:Rise| Src:Fall| Src:Rise| Src:Fall|
Source Clock   |Dest:Rise|Dest:Rise|Dest:Fall|Dest:Fall|
---------------+---------+---------+---------+---------+
Clk            |    1.371|         |         |         |
---------------+---------+---------+---------+---------+

=========================================================================


Total REAL time to Xst completion: 15.00 secs
Total CPU time to Xst completion: 14.81 secs
 
--> 

Total memory usage is 156224 kilobytes

Number of errors   :    0 (   0 filtered)
Number of warnings :    0 (   0 filtered)
Number of infos    :  257 (   0 filtered)

