Release 13.4 - xst O.87xd (nt)
Copyright (c) 1995-2011 Xilinx, Inc.  All rights reserved.
--> Parameter TMPDIR set to xst/projnav.tmp


Total REAL time to Xst completion: 0.00 secs
Total CPU time to Xst completion: 0.16 secs
 
--> Parameter xsthdpdir set to xst


Total REAL time to Xst completion: 0.00 secs
Total CPU time to Xst completion: 0.16 secs
 
--> Reading design: Mem_IP_Exp.prj

TABLE OF CONTENTS
  1) Synthesis Options Summary
  2) HDL Parsing
  3) HDL Elaboration
  4) HDL Synthesis
       4.1) HDL Synthesis Report
  5) Advanced HDL Synthesis
       5.1) Advanced HDL Synthesis Report
  6) Low Level Synthesis
  7) Partition Report
  8) Design Summary
       8.1) Primitive and Black Box Usage
       8.2) Device utilization summary
       8.3) Partition Resource Summary
       8.4) Timing Report
            8.4.1) Clock Information
            8.4.2) Asynchronous Control Signals Information
            8.4.3) Timing Summary
            8.4.4) Timing Details
            8.4.5) Cross Clock Domains Report


=========================================================================
*                      Synthesis Options Summary                        *
=========================================================================
---- Source Parameters
Input File Name                    : "Mem_IP_Exp.prj"
Ignore Synthesis Constraint File   : NO

---- Target Parameters
Output File Name                   : "Mem_IP_Exp"
Output Format                      : NGC
Target Device                      : xc6slx16-3-csg324

---- Source Options
Top Module Name                    : Mem_IP_Exp
Automatic FSM Extraction           : YES
FSM Encoding Algorithm             : Auto
Safe Implementation                : No
FSM Style                          : LUT
RAM Extraction                     : Yes
RAM Style                          : Auto
ROM Extraction                     : Yes
Shift Register Extraction          : YES
ROM Style                          : Auto
Resource Sharing                   : YES
Asynchronous To Synchronous        : NO
Shift Register Minimum Size        : 2
Use DSP Block                      : Auto
Automatic Register Balancing       : No

---- Target Options
LUT Combining                      : Auto
Reduce Control Sets                : Auto
Add IO Buffers                     : YES
Global Maximum Fanout              : 100000
Add Generic Clock Buffer(BUFG)     : 16
Register Duplication               : YES
Optimize Instantiated Primitives   : NO
Use Clock Enable                   : Auto
Use Synchronous Set                : Auto
Use Synchronous Reset              : Auto
Pack IO Registers into IOBs        : Auto
Equivalent register Removal        : YES

---- General Options
Optimization Goal                  : Speed
Optimization Effort                : 1
Power Reduction                    : NO
Keep Hierarchy                     : No
Netlist Hierarchy                  : As_Optimized
RTL Output                         : Yes
Global Optimization                : AllClockNets
Read Cores                         : YES
Write Timing Constraints           : NO
Cross Clock Analysis               : NO
Hierarchy Separator                : /
Bus Delimiter                      : <>
Case Specifier                     : Maintain
Slice Utilization Ratio            : 100
BRAM Utilization Ratio             : 100
DSP48 Utilization Ratio            : 100
Auto BRAM Packing                  : NO
Slice Utilization Ratio Delta      : 5

---- Other Options
Cores Search Directories           : {"ipcore_dir"  }

=========================================================================

INFO:Xst - Part-select index evaluated to out of bound value may lead to incorrect synthesis results; it is recommended not to use them in RTL

=========================================================================
*                          HDL Parsing                                  *
=========================================================================
Analyzing Verilog file "D:\FPGAJX\ZC_EXP\EXP5_MemIP\ipcore_dir\RAM_B.v" into library work
Parsing module <RAM_B>.
Analyzing Verilog file "D:\FPGAJX\ZC_EXP\EXP5_MemIP\Mem_IP_Exp.v" into library work
Parsing module <Mem_IP_Exp>.

=========================================================================
*                            HDL Elaboration                            *
=========================================================================

Elaborating module <Mem_IP_Exp>.

Elaborating module <RAM_B>.
WARNING:HDLCompiler:1499 - "D:\FPGAJX\ZC_EXP\EXP5_MemIP\ipcore_dir\RAM_B.v" Line 39: Empty module <RAM_B> remains a black box.

=========================================================================
*                           HDL Synthesis                               *
=========================================================================

Synthesizing Unit <Mem_IP_Exp>.
    Related source file is "d:/fpgajx/zc_exp/exp5_memip/mem_ip_exp.v".
    Found 8-bit 4-to-1 multiplexer for signal <Mem_Addr[1]_M_R_Data[31]_wide_mux_0_OUT> created at line 43.
    Summary:
	inferred   3 Multiplexer(s).
Unit <Mem_IP_Exp> synthesized.

=========================================================================
HDL Synthesis Report

Macro Statistics
# Multiplexers                                         : 3
 32-bit 2-to-1 multiplexer                             : 1
 8-bit 2-to-1 multiplexer                              : 1
 8-bit 4-to-1 multiplexer                              : 1

=========================================================================

=========================================================================
*                       Advanced HDL Synthesis                          *
=========================================================================

Reading core <ipcore_dir/RAM_B.ngc>.
Loading core <RAM_B> for timing and area information for instance <Data_RAM>.

=========================================================================
Advanced HDL Synthesis Report

Macro Statistics
# Multiplexers                                         : 3
 32-bit 2-to-1 multiplexer                             : 1
 8-bit 2-to-1 multiplexer                              : 1
 8-bit 4-to-1 multiplexer                              : 1

=========================================================================

=========================================================================
*                         Low Level Synthesis                           *
=========================================================================

Optimizing unit <Mem_IP_Exp> ...

Mapping all equations...
Building and optimizing final netlist ...
Found area constraint ratio of 100 (+ 5) on block Mem_IP_Exp, actual ratio is 0.

Final Macro Processing ...

=========================================================================
Final Register Report

Found no macro
=========================================================================

=========================================================================
*                           Partition Report                            *
=========================================================================

Partition Implementation Status
-------------------------------

  No Partitions were found in this design.

-------------------------------

=========================================================================
*                            Design Summary                             *
=========================================================================

Top Level Output File Name         : Mem_IP_Exp.ngc

Primitive and Black Box Usage:
------------------------------
# BELS                             : 27
#      GND                         : 1
#      INV                         : 1
#      LUT2                        : 3
#      LUT3                        : 12
#      LUT6                        : 8
#      VCC                         : 2
# RAMS                             : 1
#      RAMB8BWER                   : 1
# Clock Buffers                    : 1
#      BUFGP                       : 1
# IO Buffers                       : 17
#      IBUF                        : 9
#      OBUF                        : 8

Device utilization summary:
---------------------------

Selected Device : 6slx16csg324-3 


Slice Logic Utilization: 
 Number of Slice LUTs:                   24  out of   9112     0%  
    Number used as Logic:                24  out of   9112     0%  

Slice Logic Distribution: 
 Number of LUT Flip Flop pairs used:     24
   Number with an unused Flip Flop:      24  out of     24   100%  
   Number with an unused LUT:             0  out of     24     0%  
   Number of fully used LUT-FF pairs:     0  out of     24     0%  
   Number of unique control sets:         0

IO Utilization: 
 Number of IOs:                          18
 Number of bonded IOBs:                  18  out of    232     7%  

Specific Feature Utilization:
 Number of Block RAM/FIFO:                1  out of     32     3%  
    Number using Block RAM only:          1
 Number of BUFG/BUFGCTRLs:                1  out of     16     6%  

---------------------------
Partition Resource Summary:
---------------------------

  No Partitions were found in this design.

---------------------------


=========================================================================
Timing Report

NOTE: THESE TIMING NUMBERS ARE ONLY A SYNTHESIS ESTIMATE.
      FOR ACCURATE TIMING INFORMATION PLEASE REFER TO THE TRACE REPORT
      GENERATED AFTER PLACE-and-ROUTE.

Clock Information:
------------------
-----------------------------------+------------------------+-------+
Clock Signal                       | Clock buffer(FF name)  | Load  |
-----------------------------------+------------------------+-------+
Clk_m                              | BUFGP                  | 1     |
-----------------------------------+------------------------+-------+

Asynchronous Control Signals Information:
----------------------------------------
No asynchronous control signals found in this design

Timing Summary:
---------------
Speed Grade: -3

   Minimum period: No path found
   Minimum input arrival time before clock: 3.833ns
   Maximum output required time after clock: 6.598ns
   Maximum combinational path delay: 6.598ns

Timing Details:
---------------
All values displayed in nanoseconds (ns)

=========================================================================
Timing constraint: Default OFFSET IN BEFORE for Clock 'Clk_m'
  Total number of paths / destination ports: 78 / 44
-------------------------------------------------------------------------
Offset:              3.833ns (Levels of Logic = 3)
  Source:            Mem_Addr<0> (PAD)
  Destination:       Data_RAM/U0/xst_blk_mem_generator/gnativebmg.native_blk_mem_gen/valid.cstr/ramloop[0].ram.r/s6_init.ram/SP.WIDE_PRIM9.ram (RAM)
  Destination Clock: Clk_m rising

  Data Path: Mem_Addr<0> to Data_RAM/U0/xst_blk_mem_generator/gnativebmg.native_blk_mem_gen/valid.cstr/ramloop[0].ram.r/s6_init.ram/SP.WIDE_PRIM9.ram
                                Gate     Net
    Cell:in->out      fanout   Delay   Delay  Logical Name (Net Name)
    ----------------------------------------  ------------
     IBUF:I->O            22   1.222   1.362  Mem_Addr_0_IBUF (Mem_Addr_0_IBUF)
     LUT3:I0->O            6   0.205   0.744  M_W_Data<12>1 (M_W_Data<12>)
     begin scope: 'Data_RAM:dina<31>'
     RAMB8BWER:DIBDI15         0.300          U0/xst_blk_mem_generator/gnativebmg.native_blk_mem_gen/valid.cstr/ramloop[0].ram.r/s6_init.ram/SP.WIDE_PRIM9.ram
    ----------------------------------------
    Total                      3.833ns (1.727ns logic, 2.106ns route)
                                       (45.1% logic, 54.9% route)

=========================================================================
Timing constraint: Default OFFSET OUT AFTER for Clock 'Clk_m'
  Total number of paths / destination ports: 32 / 8
-------------------------------------------------------------------------
Offset:              6.598ns (Levels of Logic = 4)
  Source:            Data_RAM/U0/xst_blk_mem_generator/gnativebmg.native_blk_mem_gen/valid.cstr/ramloop[0].ram.r/s6_init.ram/SP.WIDE_PRIM9.ram (RAM)
  Destination:       LED<7> (PAD)
  Source Clock:      Clk_m rising

  Data Path: Data_RAM/U0/xst_blk_mem_generator/gnativebmg.native_blk_mem_gen/valid.cstr/ramloop[0].ram.r/s6_init.ram/SP.WIDE_PRIM9.ram to LED<7>
                                Gate     Net
    Cell:in->out      fanout   Delay   Delay  Logical Name (Net Name)
    ----------------------------------------  ------------
     RAMB8BWER:CLKAWRCLK->DOADO15    1   1.650   0.808  U0/xst_blk_mem_generator/gnativebmg.native_blk_mem_gen/valid.cstr/ramloop[0].ram.r/s6_init.ram/SP.WIDE_PRIM9.ram (douta<15>)
     end scope: 'Data_RAM:douta<15>'
     LUT3:I0->O            1   0.205   0.580  Mmux_LED8_SW0 (N4)
     LUT6:I5->O            1   0.205   0.579  Mmux_LED8 (LED_7_OBUF)
     OBUF:I->O                 2.571          LED_7_OBUF (LED<7>)
    ----------------------------------------
    Total                      6.598ns (4.631ns logic, 1.967ns route)
                                       (70.2% logic, 29.8% route)

=========================================================================
Timing constraint: Default path analysis
  Total number of paths / destination ports: 32 / 8
-------------------------------------------------------------------------
Delay:               6.598ns (Levels of Logic = 4)
  Source:            Mem_Addr<0> (PAD)
  Destination:       LED<7> (PAD)

  Data Path: Mem_Addr<0> to LED<7>
                                Gate     Net
    Cell:in->out      fanout   Delay   Delay  Logical Name (Net Name)
    ----------------------------------------  ------------
     IBUF:I->O            22   1.222   1.238  Mem_Addr_0_IBUF (Mem_Addr_0_IBUF)
     LUT3:I1->O            1   0.203   0.580  Mmux_LED1_SW0 (N2)
     LUT6:I5->O            1   0.205   0.579  Mmux_LED1 (LED_0_OBUF)
     OBUF:I->O                 2.571          LED_0_OBUF (LED<0>)
    ----------------------------------------
    Total                      6.598ns (4.201ns logic, 2.397ns route)
                                       (63.7% logic, 36.3% route)

=========================================================================

Cross Clock Domains Report:
--------------------------

=========================================================================


Total REAL time to Xst completion: 8.00 secs
Total CPU time to Xst completion: 7.80 secs
 
--> 

Total memory usage is 151616 kilobytes

Number of errors   :    0 (   0 filtered)
Number of warnings :    1 (   0 filtered)
Number of infos    :    1 (   0 filtered)

