INFO:sim:172 - Generating IP...
Resolving generics for 'RAM_B'...
Applying external generics to 'RAM_B'...
Delivering associated files for 'RAM_B'...
Delivering EJava files for 'RAM_B'...
Generating implementation netlist for 'RAM_B'...
INFO:sim - Pre-processing HDL files for 'RAM_B'...
Running synthesis for 'RAM_B'
Running ngcbuild...
Writing VEO instantiation template for 'RAM_B'...
Writing Verilog behavioral simulation model for 'RAM_B'...
WARNING:sim - Overwriting existing file E:/Computer
   Orgnization/EXP5_MEM/EXP_MEM/ipcore_dir/tmp/_cg/RAM_B/doc/blk_mem_gen_v7_3_vi
   nfo.html with file from view xilinx_documentation
Delivered 1 file into directory E:/Computer
Orgnization/EXP5_MEM/EXP_MEM/ipcore_dir/tmp/_cg/RAM_B
Generating ASY schematic symbol...
INFO:sim:949 - Finished generation of ASY schematic symbol.
Generating SYM schematic symbol for 'RAM_B'...
Generating metadata file...
Generating ISE project file for 'RAM_B'...
Generating ISE project...
XCO file found: RAM_B.xco
XMDF file found: RAM_B_xmdf.tcl
Adding E:/Computer Orgnization/EXP5_MEM/EXP_MEM/ipcore_dir/tmp/_cg/RAM_B.asy
-view all -origin_type imported
Adding E:/Computer Orgnization/EXP5_MEM/EXP_MEM/ipcore_dir/tmp/_cg/RAM_B.ngc
-view all -origin_type created
Checking file "E:/Computer
Orgnization/EXP5_MEM/EXP_MEM/ipcore_dir/tmp/_cg/RAM_B.ngc" for project device
match ...
File "E:/Computer Orgnization/EXP5_MEM/EXP_MEM/ipcore_dir/tmp/_cg/RAM_B.ngc"
device information matches project device.
Adding E:/Computer Orgnization/EXP5_MEM/EXP_MEM/ipcore_dir/tmp/_cg/RAM_B.sym
-view all -origin_type imported
Adding E:/Computer Orgnization/EXP5_MEM/EXP_MEM/ipcore_dir/tmp/_cg/RAM_B.v -view
all -origin_type created
INFO:HDLCompiler:1845 - Analyzing Verilog file "E:/Computer
   Orgnization/EXP5_MEM/EXP_MEM/ipcore_dir/tmp/_cg/RAM_B.v" into library work
INFO:ProjectMgmt - Parsing design hierarchy completed successfully.
Adding E:/Computer Orgnization/EXP5_MEM/EXP_MEM/ipcore_dir/tmp/_cg/RAM_B.veo
-view all -origin_type imported
INFO:TclTasksC:2116 - The automatic calculation of top has been turned-off.
   Please set the new top explicitly by running the "project set top" command.
   To re-calculate the new top automatically, set the "Auto Implementation Top"
   property to true.
Top level has been set to "/RAM_B"
Generating README file...
Generating FLIST file...
INFO:sim:948 - Finished FLIST file generation.
Launching README viewer...
Moving files to output directory...
Finished moving files to output directory
Wrote CGP file for project 'RAM_B'.
