Release 13.4 - xst O.87xd (nt)
Copyright (c) 1995-2011 Xilinx, Inc.  All rights reserved.
--> Parameter TMPDIR set to xst/projnav.tmp


Total REAL time to Xst completion: 0.00 secs
Total CPU time to Xst completion: 0.14 secs
 
--> Parameter xsthdpdir set to xst


Total REAL time to Xst completion: 0.00 secs
Total CPU time to Xst completion: 0.14 secs
 
--> Reading design: IF_Exp.prj

TABLE OF CONTENTS
  1) Synthesis Options Summary
  2) HDL Parsing
  3) HDL Elaboration
  4) HDL Synthesis
       4.1) HDL Synthesis Report
  5) Advanced HDL Synthesis
       5.1) Advanced HDL Synthesis Report
  6) Low Level Synthesis
  7) Partition Report
  8) Design Summary
       8.1) Primitive and Black Box Usage
       8.2) Device utilization summary
       8.3) Partition Resource Summary
       8.4) Timing Report
            8.4.1) Clock Information
            8.4.2) Asynchronous Control Signals Information
            8.4.3) Timing Summary
            8.4.4) Timing Details
            8.4.5) Cross Clock Domains Report


=========================================================================
*                      Synthesis Options Summary                        *
=========================================================================
---- Source Parameters
Input File Name                    : "IF_Exp.prj"
Ignore Synthesis Constraint File   : NO

---- Target Parameters
Output File Name                   : "IF_Exp"
Output Format                      : NGC
Target Device                      : xc6slx16-3-csg324

---- Source Options
Top Module Name                    : IF_Exp
Automatic FSM Extraction           : YES
FSM Encoding Algorithm             : Auto
Safe Implementation                : No
FSM Style                          : LUT
RAM Extraction                     : Yes
RAM Style                          : Auto
ROM Extraction                     : Yes
Shift Register Extraction          : YES
ROM Style                          : Auto
Resource Sharing                   : YES
Asynchronous To Synchronous        : NO
Shift Register Minimum Size        : 2
Use DSP Block                      : Auto
Automatic Register Balancing       : No

---- Target Options
LUT Combining                      : Auto
Reduce Control Sets                : Auto
Add IO Buffers                     : YES
Global Maximum Fanout              : 100000
Add Generic Clock Buffer(BUFG)     : 16
Register Duplication               : YES
Optimize Instantiated Primitives   : NO
Use Clock Enable                   : Auto
Use Synchronous Set                : Auto
Use Synchronous Reset              : Auto
Pack IO Registers into IOBs        : Auto
Equivalent register Removal        : YES

---- General Options
Optimization Goal                  : Speed
Optimization Effort                : 1
Power Reduction                    : NO
Keep Hierarchy                     : No
Netlist Hierarchy                  : As_Optimized
RTL Output                         : Yes
Global Optimization                : AllClockNets
Read Cores                         : YES
Write Timing Constraints           : NO
Cross Clock Analysis               : NO
Hierarchy Separator                : /
Bus Delimiter                      : <>
Case Specifier                     : Maintain
Slice Utilization Ratio            : 100
BRAM Utilization Ratio             : 100
DSP48 Utilization Ratio            : 100
Auto BRAM Packing                  : NO
Slice Utilization Ratio Delta      : 5

---- Other Options
Cores Search Directories           : {"ipcore_dir"  }

=========================================================================

INFO:Xst - Part-select index evaluated to out of bound value may lead to incorrect synthesis results; it is recommended not to use them in RTL

=========================================================================
*                          HDL Parsing                                  *
=========================================================================
Analyzing Verilog file "D:\FPGAJX\ZC_EXP\EXP7_IF\ipcore_dir\ROM_B.v" into library work
Parsing module <ROM_B>.
Analyzing Verilog file "D:\FPGAJX\ZC_EXP\EXP7_IF\IF.v" into library work
Parsing module <IF_M>.
Analyzing Verilog file "D:\FPGAJX\ZC_EXP\EXP7_IF\IF_Exp.v" into library work
Parsing module <IF_Exp>.

=========================================================================
*                            HDL Elaboration                            *
=========================================================================

Elaborating module <IF_Exp>.

Elaborating module <IF_M>.

Elaborating module <ROM_B>.
WARNING:HDLCompiler:1499 - "D:\FPGAJX\ZC_EXP\EXP7_IF\ipcore_dir\ROM_B.v" Line 39: Empty module <ROM_B> remains a black box.
WARNING:HDLCompiler:1127 - "D:\FPGAJX\ZC_EXP\EXP7_IF\IF_Exp.v" Line 30: Assignment to PC_out ignored, since the identifier is never used

=========================================================================
*                           HDL Synthesis                               *
=========================================================================

Synthesizing Unit <IF_Exp>.
    Related source file is "d:/fpgajx/zc_exp/exp7_if/if_exp.v".
INFO:Xst:3210 - "d:/fpgajx/zc_exp/exp7_if/if_exp.v" line 30: Output port <PC_out> of the instance <My_CPU_IF> is unconnected or connected to loadless signal.
    Found 8-bit 4-to-1 multiplexer for signal <LED> created at line 34.
    Summary:
	inferred   1 Multiplexer(s).
Unit <IF_Exp> synthesized.

Synthesizing Unit <IF_M>.
    Related source file is "d:/fpgajx/zc_exp/exp7_if/if.v".
    Found 32-bit register for signal <PC>.
    Found 32-bit adder for signal <PC_new> created at line 36.
    Summary:
	inferred   1 Adder/Subtractor(s).
	inferred  32 D-type flip-flop(s).
Unit <IF_M> synthesized.

=========================================================================
HDL Synthesis Report

Macro Statistics
# Adders/Subtractors                                   : 1
 32-bit adder                                          : 1
# Registers                                            : 1
 32-bit register                                       : 1
# Multiplexers                                         : 1
 8-bit 4-to-1 multiplexer                              : 1

=========================================================================

=========================================================================
*                       Advanced HDL Synthesis                          *
=========================================================================

Reading core <ipcore_dir/ROM_B.ngc>.
Loading core <ROM_B> for timing and area information for instance <Inst_ROM>.

Synthesizing (advanced) Unit <IF_M>.
The following registers are absorbed into accumulator <PC>: 1 register on signal <PC>.
Unit <IF_M> synthesized (advanced).

=========================================================================
Advanced HDL Synthesis Report

Macro Statistics
# Accumulators                                         : 1
 32-bit up accumulator                                 : 1
# Multiplexers                                         : 1
 8-bit 4-to-1 multiplexer                              : 1

=========================================================================

=========================================================================
*                         Low Level Synthesis                           *
=========================================================================
WARNING:Xst:2677 - Node <My_CPU_IF/PC_0> of sequential type is unconnected in block <IF_Exp>.
WARNING:Xst:2677 - Node <My_CPU_IF/PC_1> of sequential type is unconnected in block <IF_Exp>.
WARNING:Xst:2677 - Node <My_CPU_IF/PC_8> of sequential type is unconnected in block <IF_Exp>.
WARNING:Xst:2677 - Node <My_CPU_IF/PC_9> of sequential type is unconnected in block <IF_Exp>.
WARNING:Xst:2677 - Node <My_CPU_IF/PC_10> of sequential type is unconnected in block <IF_Exp>.
WARNING:Xst:2677 - Node <My_CPU_IF/PC_11> of sequential type is unconnected in block <IF_Exp>.
WARNING:Xst:2677 - Node <My_CPU_IF/PC_12> of sequential type is unconnected in block <IF_Exp>.
WARNING:Xst:2677 - Node <My_CPU_IF/PC_13> of sequential type is unconnected in block <IF_Exp>.
WARNING:Xst:2677 - Node <My_CPU_IF/PC_14> of sequential type is unconnected in block <IF_Exp>.
WARNING:Xst:2677 - Node <My_CPU_IF/PC_15> of sequential type is unconnected in block <IF_Exp>.
WARNING:Xst:2677 - Node <My_CPU_IF/PC_16> of sequential type is unconnected in block <IF_Exp>.
WARNING:Xst:2677 - Node <My_CPU_IF/PC_17> of sequential type is unconnected in block <IF_Exp>.
WARNING:Xst:2677 - Node <My_CPU_IF/PC_18> of sequential type is unconnected in block <IF_Exp>.
WARNING:Xst:2677 - Node <My_CPU_IF/PC_19> of sequential type is unconnected in block <IF_Exp>.
WARNING:Xst:2677 - Node <My_CPU_IF/PC_20> of sequential type is unconnected in block <IF_Exp>.
WARNING:Xst:2677 - Node <My_CPU_IF/PC_21> of sequential type is unconnected in block <IF_Exp>.
WARNING:Xst:2677 - Node <My_CPU_IF/PC_22> of sequential type is unconnected in block <IF_Exp>.
WARNING:Xst:2677 - Node <My_CPU_IF/PC_23> of sequential type is unconnected in block <IF_Exp>.
WARNING:Xst:2677 - Node <My_CPU_IF/PC_24> of sequential type is unconnected in block <IF_Exp>.
WARNING:Xst:2677 - Node <My_CPU_IF/PC_25> of sequential type is unconnected in block <IF_Exp>.
WARNING:Xst:2677 - Node <My_CPU_IF/PC_26> of sequential type is unconnected in block <IF_Exp>.
WARNING:Xst:2677 - Node <My_CPU_IF/PC_27> of sequential type is unconnected in block <IF_Exp>.
WARNING:Xst:2677 - Node <My_CPU_IF/PC_28> of sequential type is unconnected in block <IF_Exp>.
WARNING:Xst:2677 - Node <My_CPU_IF/PC_29> of sequential type is unconnected in block <IF_Exp>.
WARNING:Xst:2677 - Node <My_CPU_IF/PC_30> of sequential type is unconnected in block <IF_Exp>.
WARNING:Xst:2677 - Node <My_CPU_IF/PC_31> of sequential type is unconnected in block <IF_Exp>.

Optimizing unit <IF_Exp> ...

Mapping all equations...
Building and optimizing final netlist ...
Found area constraint ratio of 100 (+ 5) on block IF_Exp, actual ratio is 0.

Final Macro Processing ...

=========================================================================
Final Register Report

Macro Statistics
# Registers                                            : 6
 Flip-Flops                                            : 6

=========================================================================

=========================================================================
*                           Partition Report                            *
=========================================================================

Partition Implementation Status
-------------------------------

  No Partitions were found in this design.

-------------------------------

=========================================================================
*                            Design Summary                             *
=========================================================================

Top Level Output File Name         : IF_Exp.ngc

Primitive and Black Box Usage:
------------------------------
# BELS                             : 29
#      GND                         : 2
#      INV                         : 2
#      LUT1                        : 4
#      LUT6                        : 8
#      MUXCY                       : 5
#      VCC                         : 2
#      XORCY                       : 6
# FlipFlops/Latches                : 6
#      FDC                         : 6
# RAMS                             : 1
#      RAMB8BWER                   : 1
# Clock Buffers                    : 1
#      BUFGP                       : 1
# IO Buffers                       : 11
#      IBUF                        : 3
#      OBUF                        : 8

Device utilization summary:
---------------------------

Selected Device : 6slx16csg324-3 


Slice Logic Utilization: 
 Number of Slice Registers:               6  out of  18224     0%  
 Number of Slice LUTs:                   14  out of   9112     0%  
    Number used as Logic:                14  out of   9112     0%  

Slice Logic Distribution: 
 Number of LUT Flip Flop pairs used:     20
   Number with an unused Flip Flop:      14  out of     20    70%  
   Number with an unused LUT:             6  out of     20    30%  
   Number of fully used LUT-FF pairs:     0  out of     20     0%  
   Number of unique control sets:         1

IO Utilization: 
 Number of IOs:                          12
 Number of bonded IOBs:                  12  out of    232     5%  

Specific Feature Utilization:
 Number of Block RAM/FIFO:                1  out of     32     3%  
    Number using Block RAM only:          1
 Number of BUFG/BUFGCTRLs:                1  out of     16     6%  

---------------------------
Partition Resource Summary:
---------------------------

  No Partitions were found in this design.

---------------------------


=========================================================================
Timing Report

NOTE: THESE TIMING NUMBERS ARE ONLY A SYNTHESIS ESTIMATE.
      FOR ACCURATE TIMING INFORMATION PLEASE REFER TO THE TRACE REPORT
      GENERATED AFTER PLACE-and-ROUTE.

Clock Information:
------------------
-----------------------------------+------------------------+-------+
Clock Signal                       | Clock buffer(FF name)  | Load  |
-----------------------------------+------------------------+-------+
clk                                | BUFGP                  | 7     |
-----------------------------------+------------------------+-------+

Asynchronous Control Signals Information:
----------------------------------------
No asynchronous control signals found in this design

Timing Summary:
---------------
Speed Grade: -3

   Minimum period: 2.895ns (Maximum Frequency: 345.483MHz)
   Minimum input arrival time before clock: 2.396ns
   Maximum output required time after clock: 6.013ns
   Maximum combinational path delay: 5.741ns

Timing Details:
---------------
All values displayed in nanoseconds (ns)

=========================================================================
Timing constraint: Default period analysis for Clock 'clk'
  Clock period: 2.895ns (frequency: 345.483MHz)
  Total number of paths / destination ports: 33 / 18
-------------------------------------------------------------------------
Delay:               1.447ns (Levels of Logic = 1)
  Source:            My_CPU_IF/PC_6 (FF)
  Destination:       My_CPU_IF/Inst_ROM/U0/xst_blk_mem_generator/gnativebmg.native_blk_mem_gen/valid.cstr/ramloop[0].ram.r/s6_init.ram/SP.WIDE_PRIM9.ram (RAM)
  Source Clock:      clk falling
  Destination Clock: clk rising

  Data Path: My_CPU_IF/PC_6 to My_CPU_IF/Inst_ROM/U0/xst_blk_mem_generator/gnativebmg.native_blk_mem_gen/valid.cstr/ramloop[0].ram.r/s6_init.ram/SP.WIDE_PRIM9.ram
                                Gate     Net
    Cell:in->out      fanout   Delay   Delay  Logical Name (Net Name)
    ----------------------------------------  ------------
     FDC:C->Q              3   0.447   0.650  My_CPU_IF/PC_6 (My_CPU_IF/PC_6)
     begin scope: 'My_CPU_IF/Inst_ROM:addra<4>'
     RAMB8BWER:ADDRAWRADDR9        0.350          U0/xst_blk_mem_generator/gnativebmg.native_blk_mem_gen/valid.cstr/ramloop[0].ram.r/s6_init.ram/SP.WIDE_PRIM9.ram
    ----------------------------------------
    Total                      1.447ns (0.797ns logic, 0.650ns route)
                                       (55.1% logic, 44.9% route)

=========================================================================
Timing constraint: Default OFFSET IN BEFORE for Clock 'clk'
  Total number of paths / destination ports: 6 / 6
-------------------------------------------------------------------------
Offset:              2.396ns (Levels of Logic = 1)
  Source:            rst (PAD)
  Destination:       My_CPU_IF/PC_2 (FF)
  Destination Clock: clk falling

  Data Path: rst to My_CPU_IF/PC_2
                                Gate     Net
    Cell:in->out      fanout   Delay   Delay  Logical Name (Net Name)
    ----------------------------------------  ------------
     IBUF:I->O             6   1.222   0.744  rst_IBUF (rst_IBUF)
     FDC:CLR                   0.430          My_CPU_IF/PC_2
    ----------------------------------------
    Total                      2.396ns (1.652ns logic, 0.744ns route)
                                       (69.0% logic, 31.0% route)

=========================================================================
Timing constraint: Default OFFSET OUT AFTER for Clock 'clk'
  Total number of paths / destination ports: 32 / 8
-------------------------------------------------------------------------
Offset:              6.013ns (Levels of Logic = 3)
  Source:            My_CPU_IF/Inst_ROM/U0/xst_blk_mem_generator/gnativebmg.native_blk_mem_gen/valid.cstr/ramloop[0].ram.r/s6_init.ram/SP.WIDE_PRIM9.ram (RAM)
  Destination:       LED<7> (PAD)
  Source Clock:      clk rising

  Data Path: My_CPU_IF/Inst_ROM/U0/xst_blk_mem_generator/gnativebmg.native_blk_mem_gen/valid.cstr/ramloop[0].ram.r/s6_init.ram/SP.WIDE_PRIM9.ram to LED<7>
                                Gate     Net
    Cell:in->out      fanout   Delay   Delay  Logical Name (Net Name)
    ----------------------------------------  ------------
     RAMB8BWER:CLKBRDCLK->DOBDO15    1   1.850   0.808  U0/xst_blk_mem_generator/gnativebmg.native_blk_mem_gen/valid.cstr/ramloop[0].ram.r/s6_init.ram/SP.WIDE_PRIM9.ram (douta<31>)
     end scope: 'My_CPU_IF/Inst_ROM:douta<31>'
     LUT6:I3->O            1   0.205   0.579  Mmux_LED81 (LED_7_OBUF)
     OBUF:I->O                 2.571          LED_7_OBUF (LED<7>)
    ----------------------------------------
    Total                      6.013ns (4.626ns logic, 1.387ns route)
                                       (76.9% logic, 23.1% route)

=========================================================================
Timing constraint: Default path analysis
  Total number of paths / destination ports: 16 / 8
-------------------------------------------------------------------------
Delay:               5.741ns (Levels of Logic = 3)
  Source:            SW<0> (PAD)
  Destination:       LED<7> (PAD)

  Data Path: SW<0> to LED<7>
                                Gate     Net
    Cell:in->out      fanout   Delay   Delay  Logical Name (Net Name)
    ----------------------------------------  ------------
     IBUF:I->O             8   1.222   1.167  SW_0_IBUF (SW_0_IBUF)
     LUT6:I0->O            1   0.203   0.579  Mmux_LED11 (LED_0_OBUF)
     OBUF:I->O                 2.571          LED_0_OBUF (LED<0>)
    ----------------------------------------
    Total                      5.741ns (3.996ns logic, 1.745ns route)
                                       (69.6% logic, 30.4% route)

=========================================================================

Cross Clock Domains Report:
--------------------------

Clock to Setup on destination clock clk
---------------+---------+---------+---------+---------+
               | Src:Rise| Src:Fall| Src:Rise| Src:Fall|
Source Clock   |Dest:Rise|Dest:Rise|Dest:Fall|Dest:Fall|
---------------+---------+---------+---------+---------+
clk            |         |    1.447|    1.833|         |
---------------+---------+---------+---------+---------+

=========================================================================


Total REAL time to Xst completion: 8.00 secs
Total CPU time to Xst completion: 8.36 secs
 
--> 

Total memory usage is 152192 kilobytes

Number of errors   :    0 (   0 filtered)
Number of warnings :   28 (   0 filtered)
Number of infos    :    2 (   0 filtered)

