Release 14.7 - xst P.20131013 (nt64)
Copyright (c) 1995-2013 Xilinx, Inc.  All rights reserved.
--> Parameter TMPDIR set to xst/projnav.tmp


Total REAL time to Xst completion: 0.00 secs
Total CPU time to Xst completion: 0.07 secs
 
--> Parameter xsthdpdir set to xst


Total REAL time to Xst completion: 0.00 secs
Total CPU time to Xst completion: 0.07 secs
 
--> Reading design: Instruction.prj

TABLE OF CONTENTS
  1) Synthesis Options Summary
  2) HDL Parsing
  3) HDL Elaboration
  4) HDL Synthesis
       4.1) HDL Synthesis Report
  5) Advanced HDL Synthesis
       5.1) Advanced HDL Synthesis Report
  6) Low Level Synthesis
  7) Partition Report
  8) Design Summary
       8.1) Primitive and Black Box Usage
       8.2) Device utilization summary
       8.3) Partition Resource Summary
       8.4) Timing Report
            8.4.1) Clock Information
            8.4.2) Asynchronous Control Signals Information
            8.4.3) Timing Summary
            8.4.4) Timing Details
            8.4.5) Cross Clock Domains Report


=========================================================================
*                      Synthesis Options Summary                        *
=========================================================================
---- Source Parameters
Input File Name                    : "Instruction.prj"
Ignore Synthesis Constraint File   : NO

---- Target Parameters
Output File Name                   : "Instruction"
Output Format                      : NGC
Target Device                      : xc6slx16-3-csg324

---- Source Options
Top Module Name                    : Instruction
Automatic FSM Extraction           : YES
FSM Encoding Algorithm             : Auto
Safe Implementation                : No
FSM Style                          : LUT
RAM Extraction                     : Yes
RAM Style                          : Auto
ROM Extraction                     : Yes
Shift Register Extraction          : YES
ROM Style                          : Auto
Resource Sharing                   : YES
Asynchronous To Synchronous        : NO
Shift Register Minimum Size        : 2
Use DSP Block                      : Auto
Automatic Register Balancing       : No

---- Target Options
LUT Combining                      : Auto
Reduce Control Sets                : Auto
Add IO Buffers                     : YES
Global Maximum Fanout              : 100000
Add Generic Clock Buffer(BUFG)     : 16
Register Duplication               : YES
Optimize Instantiated Primitives   : NO
Use Clock Enable                   : Auto
Use Synchronous Set                : Auto
Use Synchronous Reset              : Auto
Pack IO Registers into IOBs        : Auto
Equivalent register Removal        : YES

---- General Options
Optimization Goal                  : Speed
Optimization Effort                : 1
Power Reduction                    : NO
Keep Hierarchy                     : No
Netlist Hierarchy                  : As_Optimized
RTL Output                         : Yes
Global Optimization                : AllClockNets
Read Cores                         : YES
Write Timing Constraints           : NO
Cross Clock Analysis               : NO
Hierarchy Separator                : /
Bus Delimiter                      : <>
Case Specifier                     : Maintain
Slice Utilization Ratio            : 100
BRAM Utilization Ratio             : 100
DSP48 Utilization Ratio            : 100
Auto BRAM Packing                  : NO
Slice Utilization Ratio Delta      : 5

---- Other Options
Cores Search Directories           : {"ipcore_dir"  }

=========================================================================


=========================================================================
*                          HDL Parsing                                  *
=========================================================================
Analyzing Verilog file "E:\Computer Orgnization\EXP7_INSTRUCTION\Instruction.v" into library work
Parsing module <Instruction>.
Analyzing Verilog file "E:\Computer Orgnization\EXP7_INSTRUCTION\ipcore_dir\Inst_ROM.v" into library work
Parsing module <Inst_ROM>.

=========================================================================
*                            HDL Elaboration                            *
=========================================================================

Elaborating module <Instruction>.

Elaborating module <Inst_ROM>.
WARNING:HDLCompiler:1499 - "E:\Computer Orgnization\EXP7_INSTRUCTION\ipcore_dir\Inst_ROM.v" Line 39: Empty module <Inst_ROM> remains a black box.

=========================================================================
*                           HDL Synthesis                               *
=========================================================================

Synthesizing Unit <Instruction>.
    Related source file is "E:\Computer Orgnization\EXP7_INSTRUCTION\Instruction.v".
    Found 32-bit register for signal <pc>.
    Found 32-bit adder for signal <pc_new> created at line 33.
    Summary:
	inferred   1 Adder/Subtractor(s).
	inferred  32 D-type flip-flop(s).
Unit <Instruction> synthesized.

=========================================================================
HDL Synthesis Report

Macro Statistics
# Adders/Subtractors                                   : 1
 32-bit adder                                          : 1
# Registers                                            : 1
 32-bit register                                       : 1

=========================================================================

=========================================================================
*                       Advanced HDL Synthesis                          *
=========================================================================

Reading core <ipcore_dir/Inst_ROM.ngc>.
Loading core <Inst_ROM> for timing and area information for instance <ROM_Instruction_Instance>.

Synthesizing (advanced) Unit <Instruction>.
The following registers are absorbed into accumulator <pc>: 1 register on signal <pc>.
Unit <Instruction> synthesized (advanced).

=========================================================================
Advanced HDL Synthesis Report

Macro Statistics
# Adders/Subtractors                                   : 1
 32-bit adder                                          : 1
# Accumulators                                         : 1
 32-bit up accumulator                                 : 1

=========================================================================

=========================================================================
*                         Low Level Synthesis                           *
=========================================================================
WARNING:Xst:1710 - FF/Latch <pc_0> (without init value) has a constant value of 0 in block <Instruction>. This FF/Latch will be trimmed during the optimization process.
WARNING:Xst:1895 - Due to other FF/Latch trimming, FF/Latch <pc_1> (without init value) has a constant value of 0 in block <Instruction>. This FF/Latch will be trimmed during the optimization process.

Optimizing unit <Instruction> ...

Mapping all equations...
Building and optimizing final netlist ...
Found area constraint ratio of 100 (+ 5) on block Instruction, actual ratio is 0.

Final Macro Processing ...

=========================================================================
Final Register Report

Macro Statistics
# Registers                                            : 30
 Flip-Flops                                            : 30

=========================================================================

=========================================================================
*                           Partition Report                            *
=========================================================================

Partition Implementation Status
-------------------------------

  No Partitions were found in this design.

-------------------------------

=========================================================================
*                            Design Summary                             *
=========================================================================

Top Level Output File Name         : Instruction.ngc

Primitive and Black Box Usage:
------------------------------
# BELS                             : 183
#      GND                         : 2
#      INV                         : 3
#      LUT1                        : 58
#      MUXCY                       : 58
#      VCC                         : 2
#      XORCY                       : 60
# FlipFlops/Latches                : 30
#      FDR                         : 30
# RAMS                             : 1
#      RAMB8BWER                   : 1
# Clock Buffers                    : 1
#      BUFGP                       : 1
# IO Buffers                       : 171
#      IBUF                        : 1
#      OBUF                        : 170

Device utilization summary:
---------------------------

Selected Device : 6slx16csg324-3 


Slice Logic Utilization: 
 Number of Slice Registers:              30  out of  18224     0%  
 Number of Slice LUTs:                   61  out of   9112     0%  
    Number used as Logic:                61  out of   9112     0%  

Slice Logic Distribution: 
 Number of LUT Flip Flop pairs used:     61
   Number with an unused Flip Flop:      31  out of     61    50%  
   Number with an unused LUT:             0  out of     61     0%  
   Number of fully used LUT-FF pairs:    30  out of     61    49%  
   Number of unique control sets:         1

IO Utilization: 
 Number of IOs:                         172
 Number of bonded IOBs:                 172  out of    232    74%  

Specific Feature Utilization:
 Number of Block RAM/FIFO:                1  out of     32     3%  
    Number using Block RAM only:          1
 Number of BUFG/BUFGCTRLs:                1  out of     16     6%  

---------------------------
Partition Resource Summary:
---------------------------

  No Partitions were found in this design.

---------------------------


=========================================================================
Timing Report

NOTE: THESE TIMING NUMBERS ARE ONLY A SYNTHESIS ESTIMATE.
      FOR ACCURATE TIMING INFORMATION PLEASE REFER TO THE TRACE REPORT
      GENERATED AFTER PLACE-and-ROUTE.

Clock Information:
------------------
-----------------------------------+------------------------+-------+
Clock Signal                       | Clock buffer(FF name)  | Load  |
-----------------------------------+------------------------+-------+
clk                                | BUFGP                  | 31    |
-----------------------------------+------------------------+-------+

Asynchronous Control Signals Information:
----------------------------------------
No asynchronous control signals found in this design

Timing Summary:
---------------
Speed Grade: -3

   Minimum period: 3.022ns (Maximum Frequency: 330.907MHz)
   Minimum input arrival time before clock: 2.915ns
   Maximum output required time after clock: 5.401ns
   Maximum combinational path delay: No path found

Timing Details:
---------------
All values displayed in nanoseconds (ns)

=========================================================================
Timing constraint: Default period analysis for Clock 'clk'
  Clock period: 3.022ns (frequency: 330.907MHz)
  Total number of paths / destination ports: 477 / 42
-------------------------------------------------------------------------
Delay:               1.511ns (Levels of Logic = 1)
  Source:            pc_7 (FF)
  Destination:       ROM_Instruction_Instance/U0/xst_blk_mem_generator/gnativebmg.native_blk_mem_gen/valid.cstr/ramloop[0].ram.r/s6_init.ram/SP.WIDE_PRIM9.ram (RAM)
  Source Clock:      clk falling
  Destination Clock: clk rising

  Data Path: pc_7 to ROM_Instruction_Instance/U0/xst_blk_mem_generator/gnativebmg.native_blk_mem_gen/valid.cstr/ramloop[0].ram.r/s6_init.ram/SP.WIDE_PRIM9.ram
                                Gate     Net
    Cell:in->out      fanout   Delay   Delay  Logical Name (Net Name)
    ----------------------------------------  ------------
     FDR:C->Q              5   0.447   0.714  pc_7 (pc_7)
     begin scope: 'ROM_Instruction_Instance:addra<5>'
     RAMB8BWER:ADDRAWRADDR10        0.350          U0/xst_blk_mem_generator/gnativebmg.native_blk_mem_gen/valid.cstr/ramloop[0].ram.r/s6_init.ram/SP.WIDE_PRIM9.ram
    ----------------------------------------
    Total                      1.511ns (0.797ns logic, 0.714ns route)
                                       (52.7% logic, 47.3% route)

=========================================================================
Timing constraint: Default OFFSET IN BEFORE for Clock 'clk'
  Total number of paths / destination ports: 30 / 30
-------------------------------------------------------------------------
Offset:              2.915ns (Levels of Logic = 1)
  Source:            rst (PAD)
  Destination:       pc_2 (FF)
  Destination Clock: clk falling

  Data Path: rst to pc_2
                                Gate     Net
    Cell:in->out      fanout   Delay   Delay  Logical Name (Net Name)
    ----------------------------------------  ------------
     IBUF:I->O            30   1.222   1.263  rst_IBUF (rst_IBUF)
     FDR:R                     0.430          pc_2
    ----------------------------------------
    Total                      2.915ns (1.652ns logic, 1.263ns route)
                                       (56.7% logic, 43.3% route)

=========================================================================
Timing constraint: Default OFFSET OUT AFTER for Clock 'clk'
  Total number of paths / destination ports: 601 / 166
-------------------------------------------------------------------------
Offset:              5.401ns (Levels of Logic = 32)
  Source:            pc_2 (FF)
  Destination:       pc_new<31> (PAD)
  Source Clock:      clk falling

  Data Path: pc_2 to pc_new<31>
                                Gate     Net
    Cell:in->out      fanout   Delay   Delay  Logical Name (Net Name)
    ----------------------------------------  ------------
     FDR:C->Q              5   0.447   0.714  pc_2 (pc_2)
     INV:I->O              1   0.206   0.000  Madd_pc_new_lut<2>_INV_0 (Madd_pc_new_lut<2>)
     MUXCY:S->O            1   0.172   0.000  Madd_pc_new_cy<2> (Madd_pc_new_cy<2>)
     MUXCY:CI->O           1   0.019   0.000  Madd_pc_new_cy<3> (Madd_pc_new_cy<3>)
     MUXCY:CI->O           1   0.019   0.000  Madd_pc_new_cy<4> (Madd_pc_new_cy<4>)
     MUXCY:CI->O           1   0.019   0.000  Madd_pc_new_cy<5> (Madd_pc_new_cy<5>)
     MUXCY:CI->O           1   0.019   0.000  Madd_pc_new_cy<6> (Madd_pc_new_cy<6>)
     MUXCY:CI->O           1   0.019   0.000  Madd_pc_new_cy<7> (Madd_pc_new_cy<7>)
     MUXCY:CI->O           1   0.019   0.000  Madd_pc_new_cy<8> (Madd_pc_new_cy<8>)
     MUXCY:CI->O           1   0.019   0.000  Madd_pc_new_cy<9> (Madd_pc_new_cy<9>)
     MUXCY:CI->O           1   0.019   0.000  Madd_pc_new_cy<10> (Madd_pc_new_cy<10>)
     MUXCY:CI->O           1   0.019   0.000  Madd_pc_new_cy<11> (Madd_pc_new_cy<11>)
     MUXCY:CI->O           1   0.019   0.000  Madd_pc_new_cy<12> (Madd_pc_new_cy<12>)
     MUXCY:CI->O           1   0.019   0.000  Madd_pc_new_cy<13> (Madd_pc_new_cy<13>)
     MUXCY:CI->O           1   0.019   0.000  Madd_pc_new_cy<14> (Madd_pc_new_cy<14>)
     MUXCY:CI->O           1   0.019   0.000  Madd_pc_new_cy<15> (Madd_pc_new_cy<15>)
     MUXCY:CI->O           1   0.019   0.000  Madd_pc_new_cy<16> (Madd_pc_new_cy<16>)
     MUXCY:CI->O           1   0.019   0.000  Madd_pc_new_cy<17> (Madd_pc_new_cy<17>)
     MUXCY:CI->O           1   0.019   0.000  Madd_pc_new_cy<18> (Madd_pc_new_cy<18>)
     MUXCY:CI->O           1   0.019   0.000  Madd_pc_new_cy<19> (Madd_pc_new_cy<19>)
     MUXCY:CI->O           1   0.019   0.000  Madd_pc_new_cy<20> (Madd_pc_new_cy<20>)
     MUXCY:CI->O           1   0.019   0.000  Madd_pc_new_cy<21> (Madd_pc_new_cy<21>)
     MUXCY:CI->O           1   0.019   0.000  Madd_pc_new_cy<22> (Madd_pc_new_cy<22>)
     MUXCY:CI->O           1   0.019   0.000  Madd_pc_new_cy<23> (Madd_pc_new_cy<23>)
     MUXCY:CI->O           1   0.019   0.000  Madd_pc_new_cy<24> (Madd_pc_new_cy<24>)
     MUXCY:CI->O           1   0.019   0.000  Madd_pc_new_cy<25> (Madd_pc_new_cy<25>)
     MUXCY:CI->O           1   0.019   0.000  Madd_pc_new_cy<26> (Madd_pc_new_cy<26>)
     MUXCY:CI->O           1   0.019   0.000  Madd_pc_new_cy<27> (Madd_pc_new_cy<27>)
     MUXCY:CI->O           1   0.019   0.000  Madd_pc_new_cy<28> (Madd_pc_new_cy<28>)
     MUXCY:CI->O           1   0.019   0.000  Madd_pc_new_cy<29> (Madd_pc_new_cy<29>)
     MUXCY:CI->O           0   0.019   0.000  Madd_pc_new_cy<30> (Madd_pc_new_cy<30>)
     XORCY:CI->O           1   0.180   0.579  Madd_pc_new_xor<31> (pc_new_31_OBUF)
     OBUF:I->O                 2.571          pc_new_31_OBUF (pc_new<31>)
    ----------------------------------------
    Total                      5.401ns (4.108ns logic, 1.293ns route)
                                       (76.1% logic, 23.9% route)

=========================================================================

Cross Clock Domains Report:
--------------------------

Clock to Setup on destination clock clk
---------------+---------+---------+---------+---------+
               | Src:Rise| Src:Fall| Src:Rise| Src:Fall|
Source Clock   |Dest:Rise|Dest:Rise|Dest:Fall|Dest:Fall|
---------------+---------+---------+---------+---------+
clk            |         |    1.511|    2.353|         |
---------------+---------+---------+---------+---------+

=========================================================================


Total REAL time to Xst completion: 4.00 secs
Total CPU time to Xst completion: 4.16 secs
 
--> 

Total memory usage is 4510296 kilobytes

Number of errors   :    0 (   0 filtered)
Number of warnings :    3 (   0 filtered)
Number of infos    :    0 (   0 filtered)

